ARM GAS  C:\Users\claym\AppData\Local\Temp\ccz4Z3e8.s 			page 1


   1              		.cpu cortex-m0
   2              		.eabi_attribute 20, 1	@ Tag_ABI_FP_denormal
   3              		.eabi_attribute 21, 1	@ Tag_ABI_FP_exceptions
   4              		.eabi_attribute 23, 3	@ Tag_ABI_FP_number_model
   5              		.eabi_attribute 24, 1	@ Tag_ABI_align8_needed
   6              		.eabi_attribute 25, 1	@ Tag_ABI_align8_preserved
   7              		.eabi_attribute 26, 1	@ Tag_ABI_enum_size
   8              		.eabi_attribute 30, 4	@ Tag_ABI_optimization_goals
   9              		.eabi_attribute 34, 0	@ Tag_CPU_unaligned_access
  10              		.eabi_attribute 18, 4	@ Tag_ABI_PCS_wchar_t
  11              		.file	"gpio_va108xx.c"
  12              	@ GNU C11 (GNU Tools for Arm Embedded Processors 7-2017-q4-major) version 7.2.1 20170904 (release) 
  13              	@	compiled by GNU C version 5.3.1 20160211, GMP version 6.1.0, MPFR version 3.1.4, MPC version 1.0.
  14              	
  15              	@ GGC heuristics: --param ggc-min-expand=100 --param ggc-min-heapsize=131072
  16              	@ options passed:  -I . -I .\common\hdr -I .\driver\hdr -I .\utilities\hdr
  17              	@ -I .\inc -I .\driver\hdr -I .\hdr -imultilib thumb/v6-m
  18              	@ -iprefix c:\program files (x86)\gnu tools arm embedded\7 2017-q4-major\bin\../lib/gcc/arm-none-ea
  19              	@ -isysroot c:\program files (x86)\gnu tools arm embedded\7 2017-q4-major\bin\../arm-none-eabi
  20              	@ -D__USES_INITFINI__ -D RUN_FROM_FLASH=1 .\driver\src\gpio_va108xx.c
  21              	@ -mcpu=cortex-m0 -mthumb -auxbase-strip .\driver\src\gpio_va108xx.o
  22              	@ -gdwarf-2 -Os -Wall -Wstrict-prototypes -fomit-frame-pointer
  23              	@ -fverbose-asm
  24              	@ options enabled:  -faggressive-loop-optimizations -falign-jumps
  25              	@ -falign-labels -falign-loops -fauto-inc-dec -fbranch-count-reg
  26              	@ -fcaller-saves -fchkp-check-incomplete-type -fchkp-check-read
  27              	@ -fchkp-check-write -fchkp-instrument-calls -fchkp-narrow-bounds
  28              	@ -fchkp-optimize -fchkp-store-bounds -fchkp-use-static-bounds
  29              	@ -fchkp-use-static-const-bounds -fchkp-use-wrappers -fcode-hoisting
  30              	@ -fcombine-stack-adjustments -fcommon -fcompare-elim -fcprop-registers
  31              	@ -fcrossjumping -fcse-follow-jumps -fdefer-pop
  32              	@ -fdelete-null-pointer-checks -fdevirtualize -fdevirtualize-speculatively
  33              	@ -fdwarf2-cfi-asm -fearly-inlining -feliminate-unused-debug-types
  34              	@ -fexpensive-optimizations -fforward-propagate -ffp-int-builtin-inexact
  35              	@ -ffunction-cse -fgcse -fgcse-lm -fgnu-runtime -fgnu-unique
  36              	@ -fguess-branch-probability -fhoist-adjacent-loads -fident -fif-conversion
  37              	@ -fif-conversion2 -findirect-inlining -finline -finline-atomics
  38              	@ -finline-functions -finline-functions-called-once
  39              	@ -finline-small-functions -fipa-bit-cp -fipa-cp -fipa-icf
  40              	@ -fipa-icf-functions -fipa-icf-variables -fipa-profile -fipa-pure-const
  41              	@ -fipa-reference -fipa-sra -fipa-vrp -fira-hoist-pressure
  42              	@ -fira-share-save-slots -fira-share-spill-slots
  43              	@ -fisolate-erroneous-paths-dereference -fivopts -fkeep-static-consts
  44              	@ -fleading-underscore -flifetime-dse -flra-remat -flto-odr-type-merging
  45              	@ -fmath-errno -fmerge-constants -fmerge-debug-strings
  46              	@ -fmove-loop-invariants -fomit-frame-pointer -foptimize-sibling-calls
  47              	@ -fpartial-inlining -fpeephole -fpeephole2 -fplt -fprefetch-loop-arrays
  48              	@ -freg-struct-return -freorder-blocks -freorder-functions
  49              	@ -frerun-cse-after-loop -fsched-critical-path-heuristic
  50              	@ -fsched-dep-count-heuristic -fsched-group-heuristic -fsched-interblock
  51              	@ -fsched-last-insn-heuristic -fsched-pressure -fsched-rank-heuristic
  52              	@ -fsched-spec -fsched-spec-insn-heuristic -fsched-stalled-insns-dep
  53              	@ -fschedule-insns2 -fsection-anchors -fsemantic-interposition
  54              	@ -fshow-column -fshrink-wrap -fshrink-wrap-separate -fsigned-zeros
  55              	@ -fsplit-ivs-in-unroller -fsplit-wide-types -fssa-backprop -fssa-phiopt
  56              	@ -fstdarg-opt -fstore-merging -fstrict-aliasing -fstrict-overflow
  57              	@ -fstrict-volatile-bitfields -fsync-libcalls -fthread-jumps
ARM GAS  C:\Users\claym\AppData\Local\Temp\ccz4Z3e8.s 			page 2


  58              	@ -ftoplevel-reorder -ftrapping-math -ftree-bit-ccp -ftree-builtin-call-dce
  59              	@ -ftree-ccp -ftree-ch -ftree-coalesce-vars -ftree-copy-prop -ftree-cselim
  60              	@ -ftree-dce -ftree-dominator-opts -ftree-dse -ftree-forwprop -ftree-fre
  61              	@ -ftree-loop-if-convert -ftree-loop-im -ftree-loop-ivcanon
  62              	@ -ftree-loop-optimize -ftree-parallelize-loops= -ftree-phiprop -ftree-pre
  63              	@ -ftree-pta -ftree-reassoc -ftree-scev-cprop -ftree-sink -ftree-slsr
  64              	@ -ftree-sra -ftree-switch-conversion -ftree-tail-merge -ftree-ter
  65              	@ -ftree-vrp -funit-at-a-time -fvar-tracking -fvar-tracking-assignments
  66              	@ -fverbose-asm -fzero-initialized-in-bss -mlittle-endian
  67              	@ -mpic-data-is-text-relative -msched-prolog -mthumb
  68              	@ -mvectorize-with-neon-quad
  69              	
  70              		.text
  71              	.Ltext0:
  72              		.cfi_sections	.debug_frame
  73              	.Letext0:
  74              		.file 1 "c:\\program files (x86)\\gnu tools arm embedded\\7 2017-q4-major\\arm-none-eabi\\include\
  75              		.file 2 "c:\\program files (x86)\\gnu tools arm embedded\\7 2017-q4-major\\arm-none-eabi\\include\
  76              		.file 3 ".\\driver\\hdr/driver_common.h"
  77              		.file 4 ".\\driver\\hdr/driver_gpio.h"
  78              		.file 5 ".\\common\\hdr/system_va108xx.h"
  79              		.file 6 ".\\driver\\hdr/gpio_va108xx.h"
  80              		.section	.debug_info,"",%progbits
  81              	.Ldebug_info0:
  82 0000 0C060000 		.4byte	0x60c
  83 0004 0200     		.2byte	0x2
  84 0006 00000000 		.4byte	.Ldebug_abbrev0
  85 000a 04       		.byte	0x4
  86 000b 01       		.uleb128 0x1
  87 000c B6020000 		.4byte	.LASF104
  88 0010 0C       		.byte	0xc
  89 0011 E6050000 		.4byte	.LASF105
  90 0015 3D060000 		.4byte	.LASF106
  91 0019 00000000 		.4byte	.Ldebug_line0
  92 001d 02       		.uleb128 0x2
  93 001e 01       		.byte	0x1
  94 001f 06       		.byte	0x6
  95 0020 4A030000 		.4byte	.LASF0
  96 0024 02       		.uleb128 0x2
  97 0025 01       		.byte	0x1
  98 0026 08       		.byte	0x8
  99 0027 A8020000 		.4byte	.LASF1
 100 002b 02       		.uleb128 0x2
 101 002c 02       		.byte	0x2
 102 002d 05       		.byte	0x5
 103 002e 3D000000 		.4byte	.LASF2
 104 0032 03       		.uleb128 0x3
 105 0033 0B010000 		.4byte	.LASF4
 106 0037 01       		.byte	0x1
 107 0038 39       		.byte	0x39
 108 0039 3D000000 		.4byte	0x3d
 109 003d 02       		.uleb128 0x2
 110 003e 02       		.byte	0x2
 111 003f 07       		.byte	0x7
 112 0040 27040000 		.4byte	.LASF3
 113 0044 03       		.uleb128 0x3
 114 0045 5D040000 		.4byte	.LASF5
ARM GAS  C:\Users\claym\AppData\Local\Temp\ccz4Z3e8.s 			page 3


 115 0049 01       		.byte	0x1
 116 004a 4D       		.byte	0x4d
 117 004b 4F000000 		.4byte	0x4f
 118 004f 02       		.uleb128 0x2
 119 0050 04       		.byte	0x4
 120 0051 05       		.byte	0x5
 121 0052 B0010000 		.4byte	.LASF6
 122 0056 03       		.uleb128 0x3
 123 0057 3D050000 		.4byte	.LASF7
 124 005b 01       		.byte	0x1
 125 005c 4F       		.byte	0x4f
 126 005d 61000000 		.4byte	0x61
 127 0061 02       		.uleb128 0x2
 128 0062 04       		.byte	0x4
 129 0063 07       		.byte	0x7
 130 0064 2B050000 		.4byte	.LASF8
 131 0068 02       		.uleb128 0x2
 132 0069 08       		.byte	0x8
 133 006a 05       		.byte	0x5
 134 006b 78010000 		.4byte	.LASF9
 135 006f 02       		.uleb128 0x2
 136 0070 08       		.byte	0x8
 137 0071 07       		.byte	0x7
 138 0072 5B030000 		.4byte	.LASF10
 139 0076 04       		.uleb128 0x4
 140 0077 04       		.byte	0x4
 141 0078 05       		.byte	0x5
 142 0079 696E7400 		.ascii	"int\000"
 143 007d 02       		.uleb128 0x2
 144 007e 04       		.byte	0x4
 145 007f 07       		.byte	0x7
 146 0080 7B030000 		.4byte	.LASF11
 147 0084 03       		.uleb128 0x3
 148 0085 88030000 		.4byte	.LASF12
 149 0089 02       		.byte	0x2
 150 008a 24       		.byte	0x24
 151 008b 32000000 		.4byte	0x32
 152 008f 03       		.uleb128 0x3
 153 0090 38010000 		.4byte	.LASF13
 154 0094 02       		.byte	0x2
 155 0095 2C       		.byte	0x2c
 156 0096 44000000 		.4byte	0x44
 157 009a 03       		.uleb128 0x3
 158 009b 72030000 		.4byte	.LASF14
 159 009f 02       		.byte	0x2
 160 00a0 30       		.byte	0x30
 161 00a1 56000000 		.4byte	0x56
 162 00a5 02       		.uleb128 0x2
 163 00a6 08       		.byte	0x8
 164 00a7 04       		.byte	0x4
 165 00a8 89020000 		.4byte	.LASF15
 166 00ac 05       		.uleb128 0x5
 167 00ad 29060000 		.4byte	.LASF17
 168 00b1 04       		.byte	0x4
 169 00b2 03       		.byte	0x3
 170 00b3 2D       		.byte	0x2d
 171 00b4 D5000000 		.4byte	0xd5
ARM GAS  C:\Users\claym\AppData\Local\Temp\ccz4Z3e8.s 			page 4


 172 00b8 06       		.uleb128 0x6
 173 00b9 61706900 		.ascii	"api\000"
 174 00bd 03       		.byte	0x3
 175 00be 2E       		.byte	0x2e
 176 00bf 84000000 		.4byte	0x84
 177 00c3 02       		.byte	0x2
 178 00c4 23       		.byte	0x23
 179 00c5 00       		.uleb128 0
 180 00c6 06       		.uleb128 0x6
 181 00c7 64727600 		.ascii	"drv\000"
 182 00cb 03       		.byte	0x3
 183 00cc 2F       		.byte	0x2f
 184 00cd 84000000 		.4byte	0x84
 185 00d1 02       		.byte	0x2
 186 00d2 23       		.byte	0x23
 187 00d3 02       		.uleb128 0x2
 188 00d4 00       		.byte	0
 189 00d5 03       		.uleb128 0x3
 190 00d6 95020000 		.4byte	.LASF16
 191 00da 03       		.byte	0x3
 192 00db 30       		.byte	0x30
 193 00dc AC000000 		.4byte	0xac
 194 00e0 07       		.uleb128 0x7
 195 00e1 D5000000 		.4byte	0xd5
 196 00e5 05       		.uleb128 0x5
 197 00e6 00000000 		.4byte	.LASF18
 198 00ea 04       		.byte	0x4
 199 00eb 04       		.byte	0x4
 200 00ec 48       		.byte	0x48
 201 00ed F1010000 		.4byte	0x1f1
 202 00f1 08       		.uleb128 0x8
 203 00f2 B1000000 		.4byte	.LASF19
 204 00f6 04       		.byte	0x4
 205 00f7 49       		.byte	0x49
 206 00f8 9A000000 		.4byte	0x9a
 207 00fc 04       		.byte	0x4
 208 00fd 01       		.byte	0x1
 209 00fe 1F       		.byte	0x1f
 210 00ff 02       		.byte	0x2
 211 0100 23       		.byte	0x23
 212 0101 00       		.uleb128 0
 213 0102 08       		.uleb128 0x8
 214 0103 24050000 		.4byte	.LASF20
 215 0107 04       		.byte	0x4
 216 0108 4A       		.byte	0x4a
 217 0109 9A000000 		.4byte	0x9a
 218 010d 04       		.byte	0x4
 219 010e 01       		.byte	0x1
 220 010f 1E       		.byte	0x1e
 221 0110 02       		.byte	0x2
 222 0111 23       		.byte	0x23
 223 0112 00       		.uleb128 0
 224 0113 08       		.uleb128 0x8
 225 0114 34000000 		.4byte	.LASF21
 226 0118 04       		.byte	0x4
 227 0119 4B       		.byte	0x4b
 228 011a 9A000000 		.4byte	0x9a
ARM GAS  C:\Users\claym\AppData\Local\Temp\ccz4Z3e8.s 			page 5


 229 011e 04       		.byte	0x4
 230 011f 01       		.byte	0x1
 231 0120 1D       		.byte	0x1d
 232 0121 02       		.byte	0x2
 233 0122 23       		.byte	0x23
 234 0123 00       		.uleb128 0
 235 0124 08       		.uleb128 0x8
 236 0125 02060000 		.4byte	.LASF22
 237 0129 04       		.byte	0x4
 238 012a 4C       		.byte	0x4c
 239 012b 9A000000 		.4byte	0x9a
 240 012f 04       		.byte	0x4
 241 0130 01       		.byte	0x1
 242 0131 1C       		.byte	0x1c
 243 0132 02       		.byte	0x2
 244 0133 23       		.byte	0x23
 245 0134 00       		.uleb128 0
 246 0135 08       		.uleb128 0x8
 247 0136 58050000 		.4byte	.LASF23
 248 013a 04       		.byte	0x4
 249 013b 4D       		.byte	0x4d
 250 013c 9A000000 		.4byte	0x9a
 251 0140 04       		.byte	0x4
 252 0141 01       		.byte	0x1
 253 0142 1B       		.byte	0x1b
 254 0143 02       		.byte	0x2
 255 0144 23       		.byte	0x23
 256 0145 00       		.uleb128 0
 257 0146 08       		.uleb128 0x8
 258 0147 2C010000 		.4byte	.LASF24
 259 014b 04       		.byte	0x4
 260 014c 4E       		.byte	0x4e
 261 014d 9A000000 		.4byte	0x9a
 262 0151 04       		.byte	0x4
 263 0152 01       		.byte	0x1
 264 0153 1A       		.byte	0x1a
 265 0154 02       		.byte	0x2
 266 0155 23       		.byte	0x23
 267 0156 00       		.uleb128 0
 268 0157 08       		.uleb128 0x8
 269 0158 94050000 		.4byte	.LASF25
 270 015c 04       		.byte	0x4
 271 015d 4F       		.byte	0x4f
 272 015e 9A000000 		.4byte	0x9a
 273 0162 04       		.byte	0x4
 274 0163 01       		.byte	0x1
 275 0164 19       		.byte	0x19
 276 0165 02       		.byte	0x2
 277 0166 23       		.byte	0x23
 278 0167 00       		.uleb128 0
 279 0168 08       		.uleb128 0x8
 280 0169 26010000 		.4byte	.LASF26
 281 016d 04       		.byte	0x4
 282 016e 50       		.byte	0x50
 283 016f 9A000000 		.4byte	0x9a
 284 0173 04       		.byte	0x4
 285 0174 02       		.byte	0x2
ARM GAS  C:\Users\claym\AppData\Local\Temp\ccz4Z3e8.s 			page 6


 286 0175 17       		.byte	0x17
 287 0176 02       		.byte	0x2
 288 0177 23       		.byte	0x23
 289 0178 00       		.uleb128 0
 290 0179 08       		.uleb128 0x8
 291 017a 11000000 		.4byte	.LASF27
 292 017e 04       		.byte	0x4
 293 017f 51       		.byte	0x51
 294 0180 9A000000 		.4byte	0x9a
 295 0184 04       		.byte	0x4
 296 0185 01       		.byte	0x1
 297 0186 16       		.byte	0x16
 298 0187 02       		.byte	0x2
 299 0188 23       		.byte	0x23
 300 0189 00       		.uleb128 0
 301 018a 08       		.uleb128 0x8
 302 018b 6D050000 		.4byte	.LASF28
 303 018f 04       		.byte	0x4
 304 0190 52       		.byte	0x52
 305 0191 9A000000 		.4byte	0x9a
 306 0195 04       		.byte	0x4
 307 0196 01       		.byte	0x1
 308 0197 15       		.byte	0x15
 309 0198 02       		.byte	0x2
 310 0199 23       		.byte	0x23
 311 019a 00       		.uleb128 0
 312 019b 08       		.uleb128 0x8
 313 019c 64010000 		.4byte	.LASF29
 314 01a0 04       		.byte	0x4
 315 01a1 53       		.byte	0x53
 316 01a2 9A000000 		.4byte	0x9a
 317 01a6 04       		.byte	0x4
 318 01a7 01       		.byte	0x1
 319 01a8 14       		.byte	0x14
 320 01a9 02       		.byte	0x2
 321 01aa 23       		.byte	0x23
 322 01ab 00       		.uleb128 0
 323 01ac 08       		.uleb128 0x8
 324 01ad BE050000 		.4byte	.LASF30
 325 01b1 04       		.byte	0x4
 326 01b2 54       		.byte	0x54
 327 01b3 9A000000 		.4byte	0x9a
 328 01b7 04       		.byte	0x4
 329 01b8 01       		.byte	0x1
 330 01b9 13       		.byte	0x13
 331 01ba 02       		.byte	0x2
 332 01bb 23       		.byte	0x23
 333 01bc 00       		.uleb128 0
 334 01bd 08       		.uleb128 0x8
 335 01be 1D050000 		.4byte	.LASF31
 336 01c2 04       		.byte	0x4
 337 01c3 55       		.byte	0x55
 338 01c4 9A000000 		.4byte	0x9a
 339 01c8 04       		.byte	0x4
 340 01c9 01       		.byte	0x1
 341 01ca 12       		.byte	0x12
 342 01cb 02       		.byte	0x2
ARM GAS  C:\Users\claym\AppData\Local\Temp\ccz4Z3e8.s 			page 7


 343 01cc 23       		.byte	0x23
 344 01cd 00       		.uleb128 0
 345 01ce 08       		.uleb128 0x8
 346 01cf C5050000 		.4byte	.LASF32
 347 01d3 04       		.byte	0x4
 348 01d4 56       		.byte	0x56
 349 01d5 9A000000 		.4byte	0x9a
 350 01d9 04       		.byte	0x4
 351 01da 01       		.byte	0x1
 352 01db 11       		.byte	0x11
 353 01dc 02       		.byte	0x2
 354 01dd 23       		.byte	0x23
 355 01de 00       		.uleb128 0
 356 01df 08       		.uleb128 0x8
 357 01e0 47000000 		.4byte	.LASF33
 358 01e4 04       		.byte	0x4
 359 01e5 57       		.byte	0x57
 360 01e6 9A000000 		.4byte	0x9a
 361 01ea 04       		.byte	0x4
 362 01eb 01       		.byte	0x1
 363 01ec 10       		.byte	0x10
 364 01ed 02       		.byte	0x2
 365 01ee 23       		.byte	0x23
 366 01ef 00       		.uleb128 0
 367 01f0 00       		.byte	0
 368 01f1 03       		.uleb128 0x3
 369 01f2 19060000 		.4byte	.LASF34
 370 01f6 04       		.byte	0x4
 371 01f7 58       		.byte	0x58
 372 01f8 E5000000 		.4byte	0xe5
 373 01fc 03       		.uleb128 0x3
 374 01fd 5A000000 		.4byte	.LASF35
 375 0201 04       		.byte	0x4
 376 0202 8D       		.byte	0x8d
 377 0203 07020000 		.4byte	0x207
 378 0207 09       		.uleb128 0x9
 379 0208 04       		.byte	0x4
 380 0209 0D020000 		.4byte	0x20d
 381 020d 0A       		.uleb128 0xa
 382 020e 01       		.byte	0x1
 383 020f 19020000 		.4byte	0x219
 384 0213 0B       		.uleb128 0xb
 385 0214 9A000000 		.4byte	0x9a
 386 0218 00       		.byte	0
 387 0219 05       		.uleb128 0x5
 388 021a CC050000 		.4byte	.LASF36
 389 021e 24       		.byte	0x24
 390 021f 04       		.byte	0x4
 391 0220 93       		.byte	0x93
 392 0221 A4020000 		.4byte	0x2a4
 393 0225 0C       		.uleb128 0xc
 394 0226 19000000 		.4byte	.LASF37
 395 022a 04       		.byte	0x4
 396 022b 94       		.byte	0x94
 397 022c AA020000 		.4byte	0x2aa
 398 0230 02       		.byte	0x2
 399 0231 23       		.byte	0x23
ARM GAS  C:\Users\claym\AppData\Local\Temp\ccz4Z3e8.s 			page 8


 400 0232 00       		.uleb128 0
 401 0233 0C       		.uleb128 0xc
 402 0234 42040000 		.4byte	.LASF38
 403 0238 04       		.byte	0x4
 404 0239 95       		.byte	0x95
 405 023a C0020000 		.4byte	0x2c0
 406 023e 02       		.byte	0x2
 407 023f 23       		.byte	0x23
 408 0240 04       		.uleb128 0x4
 409 0241 0C       		.uleb128 0xc
 410 0242 6B010000 		.4byte	.LASF39
 411 0246 04       		.byte	0x4
 412 0247 96       		.byte	0x96
 413 0248 CC020000 		.4byte	0x2cc
 414 024c 02       		.byte	0x2
 415 024d 23       		.byte	0x23
 416 024e 08       		.uleb128 0x8
 417 024f 0C       		.uleb128 0xc
 418 0250 56030000 		.4byte	.LASF40
 419 0254 04       		.byte	0x4
 420 0255 97       		.byte	0x97
 421 0256 CC020000 		.4byte	0x2cc
 422 025a 02       		.byte	0x2
 423 025b 23       		.byte	0x23
 424 025c 0C       		.uleb128 0xc
 425 025d 0C       		.uleb128 0xc
 426 025e 32010000 		.4byte	.LASF41
 427 0262 04       		.byte	0x4
 428 0263 98       		.byte	0x98
 429 0264 E2020000 		.4byte	0x2e2
 430 0268 02       		.byte	0x2
 431 0269 23       		.byte	0x23
 432 026a 10       		.uleb128 0x10
 433 026b 0C       		.uleb128 0xc
 434 026c 3A040000 		.4byte	.LASF42
 435 0270 04       		.byte	0x4
 436 0271 99       		.byte	0x99
 437 0272 CC020000 		.4byte	0x2cc
 438 0276 02       		.byte	0x2
 439 0277 23       		.byte	0x23
 440 0278 14       		.uleb128 0x14
 441 0279 0C       		.uleb128 0xc
 442 027a DD050000 		.4byte	.LASF43
 443 027e 04       		.byte	0x4
 444 027f 9A       		.byte	0x9a
 445 0280 E2020000 		.4byte	0x2e2
 446 0284 02       		.byte	0x2
 447 0285 23       		.byte	0x23
 448 0286 18       		.uleb128 0x18
 449 0287 0C       		.uleb128 0xc
 450 0288 52000000 		.4byte	.LASF44
 451 028c 04       		.byte	0x4
 452 028d 9B       		.byte	0x9b
 453 028e FD020000 		.4byte	0x2fd
 454 0292 02       		.byte	0x2
 455 0293 23       		.byte	0x23
 456 0294 1C       		.uleb128 0x1c
ARM GAS  C:\Users\claym\AppData\Local\Temp\ccz4Z3e8.s 			page 9


 457 0295 0C       		.uleb128 0xc
 458 0296 86010000 		.4byte	.LASF45
 459 029a 04       		.byte	0x4
 460 029b 9C       		.byte	0x9c
 461 029c 09030000 		.4byte	0x309
 462 02a0 02       		.byte	0x2
 463 02a1 23       		.byte	0x23
 464 02a2 20       		.uleb128 0x20
 465 02a3 00       		.byte	0
 466 02a4 0D       		.uleb128 0xd
 467 02a5 01       		.byte	0x1
 468 02a6 D5000000 		.4byte	0xd5
 469 02aa 09       		.uleb128 0x9
 470 02ab 04       		.byte	0x4
 471 02ac A4020000 		.4byte	0x2a4
 472 02b0 0E       		.uleb128 0xe
 473 02b1 01       		.byte	0x1
 474 02b2 8F000000 		.4byte	0x8f
 475 02b6 C0020000 		.4byte	0x2c0
 476 02ba 0B       		.uleb128 0xb
 477 02bb FC010000 		.4byte	0x1fc
 478 02bf 00       		.byte	0
 479 02c0 09       		.uleb128 0x9
 480 02c1 04       		.byte	0x4
 481 02c2 B0020000 		.4byte	0x2b0
 482 02c6 0D       		.uleb128 0xd
 483 02c7 01       		.byte	0x1
 484 02c8 8F000000 		.4byte	0x8f
 485 02cc 09       		.uleb128 0x9
 486 02cd 04       		.byte	0x4
 487 02ce C6020000 		.4byte	0x2c6
 488 02d2 0E       		.uleb128 0xe
 489 02d3 01       		.byte	0x1
 490 02d4 8F000000 		.4byte	0x8f
 491 02d8 E2020000 		.4byte	0x2e2
 492 02dc 0B       		.uleb128 0xb
 493 02dd 9A000000 		.4byte	0x9a
 494 02e1 00       		.byte	0
 495 02e2 09       		.uleb128 0x9
 496 02e3 04       		.byte	0x4
 497 02e4 D2020000 		.4byte	0x2d2
 498 02e8 0E       		.uleb128 0xe
 499 02e9 01       		.byte	0x1
 500 02ea 8F000000 		.4byte	0x8f
 501 02ee FD020000 		.4byte	0x2fd
 502 02f2 0B       		.uleb128 0xb
 503 02f3 9A000000 		.4byte	0x9a
 504 02f7 0B       		.uleb128 0xb
 505 02f8 9A000000 		.4byte	0x9a
 506 02fc 00       		.byte	0
 507 02fd 09       		.uleb128 0x9
 508 02fe 04       		.byte	0x4
 509 02ff E8020000 		.4byte	0x2e8
 510 0303 0D       		.uleb128 0xd
 511 0304 01       		.byte	0x1
 512 0305 F1010000 		.4byte	0x1f1
 513 0309 09       		.uleb128 0x9
ARM GAS  C:\Users\claym\AppData\Local\Temp\ccz4Z3e8.s 			page 10


 514 030a 04       		.byte	0x4
 515 030b 03030000 		.4byte	0x303
 516 030f 03       		.uleb128 0x3
 517 0310 3A030000 		.4byte	.LASF46
 518 0314 04       		.byte	0x4
 519 0315 9D       		.byte	0x9d
 520 0316 19020000 		.4byte	0x219
 521 031a 0F       		.uleb128 0xf
 522 031b 24000000 		.4byte	.LASF47
 523 031f 05       		.byte	0x5
 524 0320 B2       		.byte	0xb2
 525 0321 9A000000 		.4byte	0x9a
 526 0325 01       		.byte	0x1
 527 0326 01       		.byte	0x1
 528 0327 10       		.uleb128 0x10
 529 0328 40010000 		.4byte	.LASF107
 530 032c 06       		.byte	0x6
 531 032d 28       		.byte	0x28
 532 032e E0000000 		.4byte	0xe0
 533 0332 04       		.byte	0x4
 534 0333 00       		.byte	0
 535 0334 01       		.byte	0x1
 536 0335 00       		.byte	0
 537 0336 01       		.byte	0x1
 538 0337 0F       		.uleb128 0xf
 539 0338 87040000 		.4byte	.LASF48
 540 033c 06       		.byte	0x6
 541 033d 41       		.byte	0x41
 542 033e 0F030000 		.4byte	0x30f
 543 0342 01       		.byte	0x1
 544 0343 01       		.byte	0x1
 545 0344 0F       		.uleb128 0xf
 546 0345 96040000 		.4byte	.LASF49
 547 0349 06       		.byte	0x6
 548 034a 42       		.byte	0x42
 549 034b 0F030000 		.4byte	0x30f
 550 034f 01       		.byte	0x1
 551 0350 01       		.byte	0x1
 552 0351 0F       		.uleb128 0xf
 553 0352 A5040000 		.4byte	.LASF50
 554 0356 06       		.byte	0x6
 555 0357 43       		.byte	0x43
 556 0358 0F030000 		.4byte	0x30f
 557 035c 01       		.byte	0x1
 558 035d 01       		.byte	0x1
 559 035e 0F       		.uleb128 0xf
 560 035f B4040000 		.4byte	.LASF51
 561 0363 06       		.byte	0x6
 562 0364 44       		.byte	0x44
 563 0365 0F030000 		.4byte	0x30f
 564 0369 01       		.byte	0x1
 565 036a 01       		.byte	0x1
 566 036b 0F       		.uleb128 0xf
 567 036c C3040000 		.4byte	.LASF52
 568 0370 06       		.byte	0x6
 569 0371 45       		.byte	0x45
 570 0372 0F030000 		.4byte	0x30f
ARM GAS  C:\Users\claym\AppData\Local\Temp\ccz4Z3e8.s 			page 11


 571 0376 01       		.byte	0x1
 572 0377 01       		.byte	0x1
 573 0378 0F       		.uleb128 0xf
 574 0379 D2040000 		.4byte	.LASF53
 575 037d 06       		.byte	0x6
 576 037e 46       		.byte	0x46
 577 037f 0F030000 		.4byte	0x30f
 578 0383 01       		.byte	0x1
 579 0384 01       		.byte	0x1
 580 0385 0F       		.uleb128 0xf
 581 0386 E1040000 		.4byte	.LASF54
 582 038a 06       		.byte	0x6
 583 038b 47       		.byte	0x47
 584 038c 0F030000 		.4byte	0x30f
 585 0390 01       		.byte	0x1
 586 0391 01       		.byte	0x1
 587 0392 0F       		.uleb128 0xf
 588 0393 F0040000 		.4byte	.LASF55
 589 0397 06       		.byte	0x6
 590 0398 48       		.byte	0x48
 591 0399 0F030000 		.4byte	0x30f
 592 039d 01       		.byte	0x1
 593 039e 01       		.byte	0x1
 594 039f 0F       		.uleb128 0xf
 595 03a0 FF040000 		.4byte	.LASF56
 596 03a4 06       		.byte	0x6
 597 03a5 49       		.byte	0x49
 598 03a6 0F030000 		.4byte	0x30f
 599 03aa 01       		.byte	0x1
 600 03ab 01       		.byte	0x1
 601 03ac 0F       		.uleb128 0xf
 602 03ad 0E050000 		.4byte	.LASF57
 603 03b1 06       		.byte	0x6
 604 03b2 4A       		.byte	0x4a
 605 03b3 0F030000 		.4byte	0x30f
 606 03b7 01       		.byte	0x1
 607 03b8 01       		.byte	0x1
 608 03b9 0F       		.uleb128 0xf
 609 03ba 71000000 		.4byte	.LASF58
 610 03be 06       		.byte	0x6
 611 03bf 4B       		.byte	0x4b
 612 03c0 0F030000 		.4byte	0x30f
 613 03c4 01       		.byte	0x1
 614 03c5 01       		.byte	0x1
 615 03c6 0F       		.uleb128 0xf
 616 03c7 81000000 		.4byte	.LASF59
 617 03cb 06       		.byte	0x6
 618 03cc 4C       		.byte	0x4c
 619 03cd 0F030000 		.4byte	0x30f
 620 03d1 01       		.byte	0x1
 621 03d2 01       		.byte	0x1
 622 03d3 0F       		.uleb128 0xf
 623 03d4 91000000 		.4byte	.LASF60
 624 03d8 06       		.byte	0x6
 625 03d9 4D       		.byte	0x4d
 626 03da 0F030000 		.4byte	0x30f
 627 03de 01       		.byte	0x1
ARM GAS  C:\Users\claym\AppData\Local\Temp\ccz4Z3e8.s 			page 12


 628 03df 01       		.byte	0x1
 629 03e0 0F       		.uleb128 0xf
 630 03e1 A1000000 		.4byte	.LASF61
 631 03e5 06       		.byte	0x6
 632 03e6 4E       		.byte	0x4e
 633 03e7 0F030000 		.4byte	0x30f
 634 03eb 01       		.byte	0x1
 635 03ec 01       		.byte	0x1
 636 03ed 0F       		.uleb128 0xf
 637 03ee 54010000 		.4byte	.LASF62
 638 03f2 06       		.byte	0x6
 639 03f3 4F       		.byte	0x4f
 640 03f4 0F030000 		.4byte	0x30f
 641 03f8 01       		.byte	0x1
 642 03f9 01       		.byte	0x1
 643 03fa 0F       		.uleb128 0xf
 644 03fb BB000000 		.4byte	.LASF63
 645 03ff 06       		.byte	0x6
 646 0400 50       		.byte	0x50
 647 0401 0F030000 		.4byte	0x30f
 648 0405 01       		.byte	0x1
 649 0406 01       		.byte	0x1
 650 0407 0F       		.uleb128 0xf
 651 0408 CB000000 		.4byte	.LASF64
 652 040c 06       		.byte	0x6
 653 040d 51       		.byte	0x51
 654 040e 0F030000 		.4byte	0x30f
 655 0412 01       		.byte	0x1
 656 0413 01       		.byte	0x1
 657 0414 0F       		.uleb128 0xf
 658 0415 DB000000 		.4byte	.LASF65
 659 0419 06       		.byte	0x6
 660 041a 52       		.byte	0x52
 661 041b 0F030000 		.4byte	0x30f
 662 041f 01       		.byte	0x1
 663 0420 01       		.byte	0x1
 664 0421 0F       		.uleb128 0xf
 665 0422 EB000000 		.4byte	.LASF66
 666 0426 06       		.byte	0x6
 667 0427 53       		.byte	0x53
 668 0428 0F030000 		.4byte	0x30f
 669 042c 01       		.byte	0x1
 670 042d 01       		.byte	0x1
 671 042e 0F       		.uleb128 0xf
 672 042f FB000000 		.4byte	.LASF67
 673 0433 06       		.byte	0x6
 674 0434 54       		.byte	0x54
 675 0435 0F030000 		.4byte	0x30f
 676 0439 01       		.byte	0x1
 677 043a 01       		.byte	0x1
 678 043b 0F       		.uleb128 0xf
 679 043c 48050000 		.4byte	.LASF68
 680 0440 06       		.byte	0x6
 681 0441 55       		.byte	0x55
 682 0442 0F030000 		.4byte	0x30f
 683 0446 01       		.byte	0x1
 684 0447 01       		.byte	0x1
ARM GAS  C:\Users\claym\AppData\Local\Temp\ccz4Z3e8.s 			page 13


 685 0448 0F       		.uleb128 0xf
 686 0449 16010000 		.4byte	.LASF69
 687 044d 06       		.byte	0x6
 688 044e 56       		.byte	0x56
 689 044f 0F030000 		.4byte	0x30f
 690 0453 01       		.byte	0x1
 691 0454 01       		.byte	0x1
 692 0455 0F       		.uleb128 0xf
 693 0456 5D050000 		.4byte	.LASF70
 694 045a 06       		.byte	0x6
 695 045b 57       		.byte	0x57
 696 045c 0F030000 		.4byte	0x30f
 697 0460 01       		.byte	0x1
 698 0461 01       		.byte	0x1
 699 0462 0F       		.uleb128 0xf
 700 0463 09020000 		.4byte	.LASF71
 701 0467 06       		.byte	0x6
 702 0468 58       		.byte	0x58
 703 0469 0F030000 		.4byte	0x30f
 704 046d 01       		.byte	0x1
 705 046e 01       		.byte	0x1
 706 046f 0F       		.uleb128 0xf
 707 0470 74050000 		.4byte	.LASF72
 708 0474 06       		.byte	0x6
 709 0475 59       		.byte	0x59
 710 0476 0F030000 		.4byte	0x30f
 711 047a 01       		.byte	0x1
 712 047b 01       		.byte	0x1
 713 047c 0F       		.uleb128 0xf
 714 047d 84050000 		.4byte	.LASF73
 715 0481 06       		.byte	0x6
 716 0482 5A       		.byte	0x5a
 717 0483 0F030000 		.4byte	0x30f
 718 0487 01       		.byte	0x1
 719 0488 01       		.byte	0x1
 720 0489 0F       		.uleb128 0xf
 721 048a 9E050000 		.4byte	.LASF74
 722 048e 06       		.byte	0x6
 723 048f 5B       		.byte	0x5b
 724 0490 0F030000 		.4byte	0x30f
 725 0494 01       		.byte	0x1
 726 0495 01       		.byte	0x1
 727 0496 0F       		.uleb128 0xf
 728 0497 AE050000 		.4byte	.LASF75
 729 049b 06       		.byte	0x6
 730 049c 5C       		.byte	0x5c
 731 049d 0F030000 		.4byte	0x30f
 732 04a1 01       		.byte	0x1
 733 04a2 01       		.byte	0x1
 734 04a3 0F       		.uleb128 0xf
 735 04a4 59020000 		.4byte	.LASF76
 736 04a8 06       		.byte	0x6
 737 04a9 5D       		.byte	0x5d
 738 04aa 0F030000 		.4byte	0x30f
 739 04ae 01       		.byte	0x1
 740 04af 01       		.byte	0x1
 741 04b0 0F       		.uleb128 0xf
ARM GAS  C:\Users\claym\AppData\Local\Temp\ccz4Z3e8.s 			page 14


 742 04b1 69020000 		.4byte	.LASF77
 743 04b5 06       		.byte	0x6
 744 04b6 5E       		.byte	0x5e
 745 04b7 0F030000 		.4byte	0x30f
 746 04bb 01       		.byte	0x1
 747 04bc 01       		.byte	0x1
 748 04bd 0F       		.uleb128 0xf
 749 04be 90010000 		.4byte	.LASF78
 750 04c2 06       		.byte	0x6
 751 04c3 5F       		.byte	0x5f
 752 04c4 0F030000 		.4byte	0x30f
 753 04c8 01       		.byte	0x1
 754 04c9 01       		.byte	0x1
 755 04ca 0F       		.uleb128 0xf
 756 04cb A0010000 		.4byte	.LASF79
 757 04cf 06       		.byte	0x6
 758 04d0 60       		.byte	0x60
 759 04d1 0F030000 		.4byte	0x30f
 760 04d5 01       		.byte	0x1
 761 04d6 01       		.byte	0x1
 762 04d7 0F       		.uleb128 0xf
 763 04d8 91030000 		.4byte	.LASF80
 764 04dc 06       		.byte	0x6
 765 04dd 61       		.byte	0x61
 766 04de 0F030000 		.4byte	0x30f
 767 04e2 01       		.byte	0x1
 768 04e3 01       		.byte	0x1
 769 04e4 0F       		.uleb128 0xf
 770 04e5 A0030000 		.4byte	.LASF81
 771 04e9 06       		.byte	0x6
 772 04ea 62       		.byte	0x62
 773 04eb 0F030000 		.4byte	0x30f
 774 04ef 01       		.byte	0x1
 775 04f0 01       		.byte	0x1
 776 04f1 0F       		.uleb128 0xf
 777 04f2 AF030000 		.4byte	.LASF82
 778 04f6 06       		.byte	0x6
 779 04f7 63       		.byte	0x63
 780 04f8 0F030000 		.4byte	0x30f
 781 04fc 01       		.byte	0x1
 782 04fd 01       		.byte	0x1
 783 04fe 0F       		.uleb128 0xf
 784 04ff BE030000 		.4byte	.LASF83
 785 0503 06       		.byte	0x6
 786 0504 64       		.byte	0x64
 787 0505 0F030000 		.4byte	0x30f
 788 0509 01       		.byte	0x1
 789 050a 01       		.byte	0x1
 790 050b 0F       		.uleb128 0xf
 791 050c CD030000 		.4byte	.LASF84
 792 0510 06       		.byte	0x6
 793 0511 65       		.byte	0x65
 794 0512 0F030000 		.4byte	0x30f
 795 0516 01       		.byte	0x1
 796 0517 01       		.byte	0x1
 797 0518 0F       		.uleb128 0xf
 798 0519 DC030000 		.4byte	.LASF85
ARM GAS  C:\Users\claym\AppData\Local\Temp\ccz4Z3e8.s 			page 15


 799 051d 06       		.byte	0x6
 800 051e 66       		.byte	0x66
 801 051f 0F030000 		.4byte	0x30f
 802 0523 01       		.byte	0x1
 803 0524 01       		.byte	0x1
 804 0525 0F       		.uleb128 0xf
 805 0526 EB030000 		.4byte	.LASF86
 806 052a 06       		.byte	0x6
 807 052b 67       		.byte	0x67
 808 052c 0F030000 		.4byte	0x30f
 809 0530 01       		.byte	0x1
 810 0531 01       		.byte	0x1
 811 0532 0F       		.uleb128 0xf
 812 0533 FA030000 		.4byte	.LASF87
 813 0537 06       		.byte	0x6
 814 0538 68       		.byte	0x68
 815 0539 0F030000 		.4byte	0x30f
 816 053d 01       		.byte	0x1
 817 053e 01       		.byte	0x1
 818 053f 0F       		.uleb128 0xf
 819 0540 09040000 		.4byte	.LASF88
 820 0544 06       		.byte	0x6
 821 0545 69       		.byte	0x69
 822 0546 0F030000 		.4byte	0x30f
 823 054a 01       		.byte	0x1
 824 054b 01       		.byte	0x1
 825 054c 0F       		.uleb128 0xf
 826 054d 18040000 		.4byte	.LASF89
 827 0551 06       		.byte	0x6
 828 0552 6A       		.byte	0x6a
 829 0553 0F030000 		.4byte	0x30f
 830 0557 01       		.byte	0x1
 831 0558 01       		.byte	0x1
 832 0559 0F       		.uleb128 0xf
 833 055a B9010000 		.4byte	.LASF90
 834 055e 06       		.byte	0x6
 835 055f 6B       		.byte	0x6b
 836 0560 0F030000 		.4byte	0x30f
 837 0564 01       		.byte	0x1
 838 0565 01       		.byte	0x1
 839 0566 0F       		.uleb128 0xf
 840 0567 C9010000 		.4byte	.LASF91
 841 056b 06       		.byte	0x6
 842 056c 6C       		.byte	0x6c
 843 056d 0F030000 		.4byte	0x30f
 844 0571 01       		.byte	0x1
 845 0572 01       		.byte	0x1
 846 0573 0F       		.uleb128 0xf
 847 0574 D9010000 		.4byte	.LASF92
 848 0578 06       		.byte	0x6
 849 0579 6D       		.byte	0x6d
 850 057a 0F030000 		.4byte	0x30f
 851 057e 01       		.byte	0x1
 852 057f 01       		.byte	0x1
 853 0580 0F       		.uleb128 0xf
 854 0581 E9010000 		.4byte	.LASF93
 855 0585 06       		.byte	0x6
ARM GAS  C:\Users\claym\AppData\Local\Temp\ccz4Z3e8.s 			page 16


 856 0586 6E       		.byte	0x6e
 857 0587 0F030000 		.4byte	0x30f
 858 058b 01       		.byte	0x1
 859 058c 01       		.byte	0x1
 860 058d 0F       		.uleb128 0xf
 861 058e F9010000 		.4byte	.LASF94
 862 0592 06       		.byte	0x6
 863 0593 6F       		.byte	0x6f
 864 0594 0F030000 		.4byte	0x30f
 865 0598 01       		.byte	0x1
 866 0599 01       		.byte	0x1
 867 059a 0F       		.uleb128 0xf
 868 059b 79020000 		.4byte	.LASF95
 869 059f 06       		.byte	0x6
 870 05a0 70       		.byte	0x70
 871 05a1 0F030000 		.4byte	0x30f
 872 05a5 01       		.byte	0x1
 873 05a6 01       		.byte	0x1
 874 05a7 0F       		.uleb128 0xf
 875 05a8 19020000 		.4byte	.LASF96
 876 05ac 06       		.byte	0x6
 877 05ad 71       		.byte	0x71
 878 05ae 0F030000 		.4byte	0x30f
 879 05b2 01       		.byte	0x1
 880 05b3 01       		.byte	0x1
 881 05b4 0F       		.uleb128 0xf
 882 05b5 29020000 		.4byte	.LASF97
 883 05b9 06       		.byte	0x6
 884 05ba 72       		.byte	0x72
 885 05bb 0F030000 		.4byte	0x30f
 886 05bf 01       		.byte	0x1
 887 05c0 01       		.byte	0x1
 888 05c1 0F       		.uleb128 0xf
 889 05c2 39020000 		.4byte	.LASF98
 890 05c6 06       		.byte	0x6
 891 05c7 73       		.byte	0x73
 892 05c8 0F030000 		.4byte	0x30f
 893 05cc 01       		.byte	0x1
 894 05cd 01       		.byte	0x1
 895 05ce 0F       		.uleb128 0xf
 896 05cf 49020000 		.4byte	.LASF99
 897 05d3 06       		.byte	0x6
 898 05d4 74       		.byte	0x74
 899 05d5 0F030000 		.4byte	0x30f
 900 05d9 01       		.byte	0x1
 901 05da 01       		.byte	0x1
 902 05db 0F       		.uleb128 0xf
 903 05dc 4D040000 		.4byte	.LASF100
 904 05e0 06       		.byte	0x6
 905 05e1 75       		.byte	0x75
 906 05e2 0F030000 		.4byte	0x30f
 907 05e6 01       		.byte	0x1
 908 05e7 01       		.byte	0x1
 909 05e8 0F       		.uleb128 0xf
 910 05e9 09060000 		.4byte	.LASF101
 911 05ed 06       		.byte	0x6
 912 05ee 76       		.byte	0x76
ARM GAS  C:\Users\claym\AppData\Local\Temp\ccz4Z3e8.s 			page 17


 913 05ef 0F030000 		.4byte	0x30f
 914 05f3 01       		.byte	0x1
 915 05f4 01       		.byte	0x1
 916 05f5 0F       		.uleb128 0xf
 917 05f6 67040000 		.4byte	.LASF102
 918 05fa 06       		.byte	0x6
 919 05fb 77       		.byte	0x77
 920 05fc 0F030000 		.4byte	0x30f
 921 0600 01       		.byte	0x1
 922 0601 01       		.byte	0x1
 923 0602 0F       		.uleb128 0xf
 924 0603 77040000 		.4byte	.LASF103
 925 0607 06       		.byte	0x6
 926 0608 78       		.byte	0x78
 927 0609 0F030000 		.4byte	0x30f
 928 060d 01       		.byte	0x1
 929 060e 01       		.byte	0x1
 930 060f 00       		.byte	0
 931              		.section	.debug_abbrev,"",%progbits
 932              	.Ldebug_abbrev0:
 933 0000 01       		.uleb128 0x1
 934 0001 11       		.uleb128 0x11
 935 0002 01       		.byte	0x1
 936 0003 25       		.uleb128 0x25
 937 0004 0E       		.uleb128 0xe
 938 0005 13       		.uleb128 0x13
 939 0006 0B       		.uleb128 0xb
 940 0007 03       		.uleb128 0x3
 941 0008 0E       		.uleb128 0xe
 942 0009 1B       		.uleb128 0x1b
 943 000a 0E       		.uleb128 0xe
 944 000b 10       		.uleb128 0x10
 945 000c 06       		.uleb128 0x6
 946 000d 00       		.byte	0
 947 000e 00       		.byte	0
 948 000f 02       		.uleb128 0x2
 949 0010 24       		.uleb128 0x24
 950 0011 00       		.byte	0
 951 0012 0B       		.uleb128 0xb
 952 0013 0B       		.uleb128 0xb
 953 0014 3E       		.uleb128 0x3e
 954 0015 0B       		.uleb128 0xb
 955 0016 03       		.uleb128 0x3
 956 0017 0E       		.uleb128 0xe
 957 0018 00       		.byte	0
 958 0019 00       		.byte	0
 959 001a 03       		.uleb128 0x3
 960 001b 16       		.uleb128 0x16
 961 001c 00       		.byte	0
 962 001d 03       		.uleb128 0x3
 963 001e 0E       		.uleb128 0xe
 964 001f 3A       		.uleb128 0x3a
 965 0020 0B       		.uleb128 0xb
 966 0021 3B       		.uleb128 0x3b
 967 0022 0B       		.uleb128 0xb
 968 0023 49       		.uleb128 0x49
 969 0024 13       		.uleb128 0x13
ARM GAS  C:\Users\claym\AppData\Local\Temp\ccz4Z3e8.s 			page 18


 970 0025 00       		.byte	0
 971 0026 00       		.byte	0
 972 0027 04       		.uleb128 0x4
 973 0028 24       		.uleb128 0x24
 974 0029 00       		.byte	0
 975 002a 0B       		.uleb128 0xb
 976 002b 0B       		.uleb128 0xb
 977 002c 3E       		.uleb128 0x3e
 978 002d 0B       		.uleb128 0xb
 979 002e 03       		.uleb128 0x3
 980 002f 08       		.uleb128 0x8
 981 0030 00       		.byte	0
 982 0031 00       		.byte	0
 983 0032 05       		.uleb128 0x5
 984 0033 13       		.uleb128 0x13
 985 0034 01       		.byte	0x1
 986 0035 03       		.uleb128 0x3
 987 0036 0E       		.uleb128 0xe
 988 0037 0B       		.uleb128 0xb
 989 0038 0B       		.uleb128 0xb
 990 0039 3A       		.uleb128 0x3a
 991 003a 0B       		.uleb128 0xb
 992 003b 3B       		.uleb128 0x3b
 993 003c 0B       		.uleb128 0xb
 994 003d 01       		.uleb128 0x1
 995 003e 13       		.uleb128 0x13
 996 003f 00       		.byte	0
 997 0040 00       		.byte	0
 998 0041 06       		.uleb128 0x6
 999 0042 0D       		.uleb128 0xd
 1000 0043 00       		.byte	0
 1001 0044 03       		.uleb128 0x3
 1002 0045 08       		.uleb128 0x8
 1003 0046 3A       		.uleb128 0x3a
 1004 0047 0B       		.uleb128 0xb
 1005 0048 3B       		.uleb128 0x3b
 1006 0049 0B       		.uleb128 0xb
 1007 004a 49       		.uleb128 0x49
 1008 004b 13       		.uleb128 0x13
 1009 004c 38       		.uleb128 0x38
 1010 004d 0A       		.uleb128 0xa
 1011 004e 00       		.byte	0
 1012 004f 00       		.byte	0
 1013 0050 07       		.uleb128 0x7
 1014 0051 26       		.uleb128 0x26
 1015 0052 00       		.byte	0
 1016 0053 49       		.uleb128 0x49
 1017 0054 13       		.uleb128 0x13
 1018 0055 00       		.byte	0
 1019 0056 00       		.byte	0
 1020 0057 08       		.uleb128 0x8
 1021 0058 0D       		.uleb128 0xd
 1022 0059 00       		.byte	0
 1023 005a 03       		.uleb128 0x3
 1024 005b 0E       		.uleb128 0xe
 1025 005c 3A       		.uleb128 0x3a
 1026 005d 0B       		.uleb128 0xb
ARM GAS  C:\Users\claym\AppData\Local\Temp\ccz4Z3e8.s 			page 19


 1027 005e 3B       		.uleb128 0x3b
 1028 005f 0B       		.uleb128 0xb
 1029 0060 49       		.uleb128 0x49
 1030 0061 13       		.uleb128 0x13
 1031 0062 0B       		.uleb128 0xb
 1032 0063 0B       		.uleb128 0xb
 1033 0064 0D       		.uleb128 0xd
 1034 0065 0B       		.uleb128 0xb
 1035 0066 0C       		.uleb128 0xc
 1036 0067 0B       		.uleb128 0xb
 1037 0068 38       		.uleb128 0x38
 1038 0069 0A       		.uleb128 0xa
 1039 006a 00       		.byte	0
 1040 006b 00       		.byte	0
 1041 006c 09       		.uleb128 0x9
 1042 006d 0F       		.uleb128 0xf
 1043 006e 00       		.byte	0
 1044 006f 0B       		.uleb128 0xb
 1045 0070 0B       		.uleb128 0xb
 1046 0071 49       		.uleb128 0x49
 1047 0072 13       		.uleb128 0x13
 1048 0073 00       		.byte	0
 1049 0074 00       		.byte	0
 1050 0075 0A       		.uleb128 0xa
 1051 0076 15       		.uleb128 0x15
 1052 0077 01       		.byte	0x1
 1053 0078 27       		.uleb128 0x27
 1054 0079 0C       		.uleb128 0xc
 1055 007a 01       		.uleb128 0x1
 1056 007b 13       		.uleb128 0x13
 1057 007c 00       		.byte	0
 1058 007d 00       		.byte	0
 1059 007e 0B       		.uleb128 0xb
 1060 007f 05       		.uleb128 0x5
 1061 0080 00       		.byte	0
 1062 0081 49       		.uleb128 0x49
 1063 0082 13       		.uleb128 0x13
 1064 0083 00       		.byte	0
 1065 0084 00       		.byte	0
 1066 0085 0C       		.uleb128 0xc
 1067 0086 0D       		.uleb128 0xd
 1068 0087 00       		.byte	0
 1069 0088 03       		.uleb128 0x3
 1070 0089 0E       		.uleb128 0xe
 1071 008a 3A       		.uleb128 0x3a
 1072 008b 0B       		.uleb128 0xb
 1073 008c 3B       		.uleb128 0x3b
 1074 008d 0B       		.uleb128 0xb
 1075 008e 49       		.uleb128 0x49
 1076 008f 13       		.uleb128 0x13
 1077 0090 38       		.uleb128 0x38
 1078 0091 0A       		.uleb128 0xa
 1079 0092 00       		.byte	0
 1080 0093 00       		.byte	0
 1081 0094 0D       		.uleb128 0xd
 1082 0095 15       		.uleb128 0x15
 1083 0096 00       		.byte	0
ARM GAS  C:\Users\claym\AppData\Local\Temp\ccz4Z3e8.s 			page 20


 1084 0097 27       		.uleb128 0x27
 1085 0098 0C       		.uleb128 0xc
 1086 0099 49       		.uleb128 0x49
 1087 009a 13       		.uleb128 0x13
 1088 009b 00       		.byte	0
 1089 009c 00       		.byte	0
 1090 009d 0E       		.uleb128 0xe
 1091 009e 15       		.uleb128 0x15
 1092 009f 01       		.byte	0x1
 1093 00a0 27       		.uleb128 0x27
 1094 00a1 0C       		.uleb128 0xc
 1095 00a2 49       		.uleb128 0x49
 1096 00a3 13       		.uleb128 0x13
 1097 00a4 01       		.uleb128 0x1
 1098 00a5 13       		.uleb128 0x13
 1099 00a6 00       		.byte	0
 1100 00a7 00       		.byte	0
 1101 00a8 0F       		.uleb128 0xf
 1102 00a9 34       		.uleb128 0x34
 1103 00aa 00       		.byte	0
 1104 00ab 03       		.uleb128 0x3
 1105 00ac 0E       		.uleb128 0xe
 1106 00ad 3A       		.uleb128 0x3a
 1107 00ae 0B       		.uleb128 0xb
 1108 00af 3B       		.uleb128 0x3b
 1109 00b0 0B       		.uleb128 0xb
 1110 00b1 49       		.uleb128 0x49
 1111 00b2 13       		.uleb128 0x13
 1112 00b3 3F       		.uleb128 0x3f
 1113 00b4 0C       		.uleb128 0xc
 1114 00b5 3C       		.uleb128 0x3c
 1115 00b6 0C       		.uleb128 0xc
 1116 00b7 00       		.byte	0
 1117 00b8 00       		.byte	0
 1118 00b9 10       		.uleb128 0x10
 1119 00ba 34       		.uleb128 0x34
 1120 00bb 00       		.byte	0
 1121 00bc 03       		.uleb128 0x3
 1122 00bd 0E       		.uleb128 0xe
 1123 00be 3A       		.uleb128 0x3a
 1124 00bf 0B       		.uleb128 0xb
 1125 00c0 3B       		.uleb128 0x3b
 1126 00c1 0B       		.uleb128 0xb
 1127 00c2 49       		.uleb128 0x49
 1128 00c3 13       		.uleb128 0x13
 1129 00c4 1C       		.uleb128 0x1c
 1130 00c5 0A       		.uleb128 0xa
 1131 00c6 00       		.byte	0
 1132 00c7 00       		.byte	0
 1133 00c8 00       		.byte	0
 1134              		.section	.debug_aranges,"",%progbits
 1135 0000 14000000 		.4byte	0x14
 1136 0004 0200     		.2byte	0x2
 1137 0006 00000000 		.4byte	.Ldebug_info0
 1138 000a 04       		.byte	0x4
 1139 000b 00       		.byte	0
 1140 000c 0000     		.2byte	0
ARM GAS  C:\Users\claym\AppData\Local\Temp\ccz4Z3e8.s 			page 21


 1141 000e 0000     		.2byte	0
 1142 0010 00000000 		.4byte	0
 1143 0014 00000000 		.4byte	0
 1144              		.section	.debug_line,"",%progbits
 1145              	.Ldebug_line0:
 1146 0000 52010000 		.section	.debug_str,"MS",%progbits,1
 1146      02004C01 
 1146      00000201 
 1146      FB0E0D00 
 1146      01010101 
 1147              	.LASF18:
 1148 0000 5F564F52 		.ascii	"_VOR_GPIO_STATUS\000"
 1148      5F475049 
 1148      4F5F5354 
 1148      41545553 
 1148      00
 1149              	.LASF27:
 1150 0011 7472676D 		.ascii	"trgmode\000"
 1150      6F646500 
 1151              	.LASF37:
 1152 0019 47657456 		.ascii	"GetVersion\000"
 1152      65727369 
 1152      6F6E00
 1153              	.LASF47:
 1154 0024 53797374 		.ascii	"SystemCoreClock\000"
 1154      656D436F 
 1154      7265436C 
 1154      6F636B00 
 1155              	.LASF21:
 1156 0034 70756C6C 		.ascii	"pulldown\000"
 1156      646F776E 
 1156      00
 1157              	.LASF2:
 1158 003d 73686F72 		.ascii	"short int\000"
 1158      7420696E 
 1158      7400
 1159              	.LASF33:
 1160 0047 65646765 		.ascii	"edgeStatus\000"
 1160      53746174 
 1160      757300
 1161              	.LASF44:
 1162 0052 436F6E74 		.ascii	"Control\000"
 1162      726F6C00 
 1163              	.LASF35:
 1164 005a 564F525F 		.ascii	"VOR_GPIO_SignalEvent_t\000"
 1164      4750494F 
 1164      5F536967 
 1164      6E616C45 
 1164      76656E74 
 1165              	.LASF58:
 1166 0071 44726976 		.ascii	"Driver_GPIOA_10\000"
 1166      65725F47 
 1166      50494F41 
 1166      5F313000 
 1167              	.LASF59:
 1168 0081 44726976 		.ascii	"Driver_GPIOA_11\000"
 1168      65725F47 
ARM GAS  C:\Users\claym\AppData\Local\Temp\ccz4Z3e8.s 			page 22


 1168      50494F41 
 1168      5F313100 
 1169              	.LASF60:
 1170 0091 44726976 		.ascii	"Driver_GPIOA_12\000"
 1170      65725F47 
 1170      50494F41 
 1170      5F313200 
 1171              	.LASF61:
 1172 00a1 44726976 		.ascii	"Driver_GPIOA_13\000"
 1172      65725F47 
 1172      50494F41 
 1172      5F313300 
 1173              	.LASF19:
 1174 00b1 64697265 		.ascii	"direction\000"
 1174      6374696F 
 1174      6E00
 1175              	.LASF63:
 1176 00bb 44726976 		.ascii	"Driver_GPIOA_15\000"
 1176      65725F47 
 1176      50494F41 
 1176      5F313500 
 1177              	.LASF64:
 1178 00cb 44726976 		.ascii	"Driver_GPIOA_16\000"
 1178      65725F47 
 1178      50494F41 
 1178      5F313600 
 1179              	.LASF65:
 1180 00db 44726976 		.ascii	"Driver_GPIOA_17\000"
 1180      65725F47 
 1180      50494F41 
 1180      5F313700 
 1181              	.LASF66:
 1182 00eb 44726976 		.ascii	"Driver_GPIOA_18\000"
 1182      65725F47 
 1182      50494F41 
 1182      5F313800 
 1183              	.LASF67:
 1184 00fb 44726976 		.ascii	"Driver_GPIOA_19\000"
 1184      65725F47 
 1184      50494F41 
 1184      5F313900 
 1185              	.LASF4:
 1186 010b 5F5F7569 		.ascii	"__uint16_t\000"
 1186      6E743136 
 1186      5F7400
 1187              	.LASF69:
 1188 0116 44726976 		.ascii	"Driver_GPIOA_21\000"
 1188      65725F47 
 1188      50494F41 
 1188      5F323100 
 1189              	.LASF26:
 1190 0126 64656C61 		.ascii	"delay\000"
 1190      7900
 1191              	.LASF24:
 1192 012c 70756C73 		.ascii	"pulse\000"
 1192      6500
 1193              	.LASF41:
ARM GAS  C:\Users\claym\AppData\Local\Temp\ccz4Z3e8.s 			page 23


 1194 0132 57726974 		.ascii	"Write\000"
 1194      6500
 1195              	.LASF13:
 1196 0138 696E7433 		.ascii	"int32_t\000"
 1196      325F7400 
 1197              	.LASF107:
 1198 0140 6770696F 		.ascii	"gpio_driver_version\000"
 1198      5F647269 
 1198      7665725F 
 1198      76657273 
 1198      696F6E00 
 1199              	.LASF62:
 1200 0154 44726976 		.ascii	"Driver_GPIOA_14\000"
 1200      65725F47 
 1200      50494F41 
 1200      5F313400 
 1201              	.LASF29:
 1202 0164 74726761 		.ascii	"trgany\000"
 1202      6E7900
 1203              	.LASF39:
 1204 016b 556E696E 		.ascii	"Uninitialize\000"
 1204      69746961 
 1204      6C697A65 
 1204      00
 1205              	.LASF9:
 1206 0178 6C6F6E67 		.ascii	"long long int\000"
 1206      206C6F6E 
 1206      6720696E 
 1206      7400
 1207              	.LASF45:
 1208 0186 47657453 		.ascii	"GetStatus\000"
 1208      74617475 
 1208      7300
 1209              	.LASF78:
 1210 0190 44726976 		.ascii	"Driver_GPIOA_30\000"
 1210      65725F47 
 1210      50494F41 
 1210      5F333000 
 1211              	.LASF79:
 1212 01a0 44726976 		.ascii	"Driver_GPIOA_31\000"
 1212      65725F47 
 1212      50494F41 
 1212      5F333100 
 1213              	.LASF6:
 1214 01b0 6C6F6E67 		.ascii	"long int\000"
 1214      20696E74 
 1214      00
 1215              	.LASF90:
 1216 01b9 44726976 		.ascii	"Driver_GPIOB_10\000"
 1216      65725F47 
 1216      50494F42 
 1216      5F313000 
 1217              	.LASF91:
 1218 01c9 44726976 		.ascii	"Driver_GPIOB_11\000"
 1218      65725F47 
 1218      50494F42 
 1218      5F313100 
ARM GAS  C:\Users\claym\AppData\Local\Temp\ccz4Z3e8.s 			page 24


 1219              	.LASF92:
 1220 01d9 44726976 		.ascii	"Driver_GPIOB_12\000"
 1220      65725F47 
 1220      50494F42 
 1220      5F313200 
 1221              	.LASF93:
 1222 01e9 44726976 		.ascii	"Driver_GPIOB_13\000"
 1222      65725F47 
 1222      50494F42 
 1222      5F313300 
 1223              	.LASF94:
 1224 01f9 44726976 		.ascii	"Driver_GPIOB_14\000"
 1224      65725F47 
 1224      50494F42 
 1224      5F313400 
 1225              	.LASF71:
 1226 0209 44726976 		.ascii	"Driver_GPIOA_23\000"
 1226      65725F47 
 1226      50494F41 
 1226      5F323300 
 1227              	.LASF96:
 1228 0219 44726976 		.ascii	"Driver_GPIOB_16\000"
 1228      65725F47 
 1228      50494F42 
 1228      5F313600 
 1229              	.LASF97:
 1230 0229 44726976 		.ascii	"Driver_GPIOB_17\000"
 1230      65725F47 
 1230      50494F42 
 1230      5F313700 
 1231              	.LASF98:
 1232 0239 44726976 		.ascii	"Driver_GPIOB_18\000"
 1232      65725F47 
 1232      50494F42 
 1232      5F313800 
 1233              	.LASF99:
 1234 0249 44726976 		.ascii	"Driver_GPIOB_19\000"
 1234      65725F47 
 1234      50494F42 
 1234      5F313900 
 1235              	.LASF76:
 1236 0259 44726976 		.ascii	"Driver_GPIOA_28\000"
 1236      65725F47 
 1236      50494F41 
 1236      5F323800 
 1237              	.LASF77:
 1238 0269 44726976 		.ascii	"Driver_GPIOA_29\000"
 1238      65725F47 
 1238      50494F41 
 1238      5F323900 
 1239              	.LASF95:
 1240 0279 44726976 		.ascii	"Driver_GPIOB_15\000"
 1240      65725F47 
 1240      50494F42 
 1240      5F313500 
 1241              	.LASF15:
 1242 0289 6C6F6E67 		.ascii	"long double\000"
ARM GAS  C:\Users\claym\AppData\Local\Temp\ccz4Z3e8.s 			page 25


 1242      20646F75 
 1242      626C6500 
 1243              	.LASF16:
 1244 0295 564F525F 		.ascii	"VOR_DRIVER_VERSION\000"
 1244      44524956 
 1244      45525F56 
 1244      45525349 
 1244      4F4E00
 1245              	.LASF1:
 1246 02a8 756E7369 		.ascii	"unsigned char\000"
 1246      676E6564 
 1246      20636861 
 1246      7200
 1247              	.LASF104:
 1248 02b6 474E5520 		.ascii	"GNU C11 7.2.1 20170904 (release) [ARM/embedded-7-br"
 1248      43313120 
 1248      372E322E 
 1248      31203230 
 1248      31373039 
 1249 02e9 616E6368 		.ascii	"anch revision 255204] -mcpu=cortex-m0 -mthumb -gdwa"
 1249      20726576 
 1249      6973696F 
 1249      6E203235 
 1249      35323034 
 1250 031c 72662D32 		.ascii	"rf-2 -Os -fomit-frame-pointer\000"
 1250      202D4F73 
 1250      202D666F 
 1250      6D69742D 
 1250      6672616D 
 1251              	.LASF46:
 1252 033a 564F525F 		.ascii	"VOR_DRIVER_GPIO\000"
 1252      44524956 
 1252      45525F47 
 1252      50494F00 
 1253              	.LASF0:
 1254 034a 7369676E 		.ascii	"signed char\000"
 1254      65642063 
 1254      68617200 
 1255              	.LASF40:
 1256 0356 52656164 		.ascii	"Read\000"
 1256      00
 1257              	.LASF10:
 1258 035b 6C6F6E67 		.ascii	"long long unsigned int\000"
 1258      206C6F6E 
 1258      6720756E 
 1258      7369676E 
 1258      65642069 
 1259              	.LASF14:
 1260 0372 75696E74 		.ascii	"uint32_t\000"
 1260      33325F74 
 1260      00
 1261              	.LASF11:
 1262 037b 756E7369 		.ascii	"unsigned int\000"
 1262      676E6564 
 1262      20696E74 
 1262      00
 1263              	.LASF12:
ARM GAS  C:\Users\claym\AppData\Local\Temp\ccz4Z3e8.s 			page 26


 1264 0388 75696E74 		.ascii	"uint16_t\000"
 1264      31365F74 
 1264      00
 1265              	.LASF80:
 1266 0391 44726976 		.ascii	"Driver_GPIOB_0\000"
 1266      65725F47 
 1266      50494F42 
 1266      5F3000
 1267              	.LASF81:
 1268 03a0 44726976 		.ascii	"Driver_GPIOB_1\000"
 1268      65725F47 
 1268      50494F42 
 1268      5F3100
 1269              	.LASF82:
 1270 03af 44726976 		.ascii	"Driver_GPIOB_2\000"
 1270      65725F47 
 1270      50494F42 
 1270      5F3200
 1271              	.LASF83:
 1272 03be 44726976 		.ascii	"Driver_GPIOB_3\000"
 1272      65725F47 
 1272      50494F42 
 1272      5F3300
 1273              	.LASF84:
 1274 03cd 44726976 		.ascii	"Driver_GPIOB_4\000"
 1274      65725F47 
 1274      50494F42 
 1274      5F3400
 1275              	.LASF85:
 1276 03dc 44726976 		.ascii	"Driver_GPIOB_5\000"
 1276      65725F47 
 1276      50494F42 
 1276      5F3500
 1277              	.LASF86:
 1278 03eb 44726976 		.ascii	"Driver_GPIOB_6\000"
 1278      65725F47 
 1278      50494F42 
 1278      5F3600
 1279              	.LASF87:
 1280 03fa 44726976 		.ascii	"Driver_GPIOB_7\000"
 1280      65725F47 
 1280      50494F42 
 1280      5F3700
 1281              	.LASF88:
 1282 0409 44726976 		.ascii	"Driver_GPIOB_8\000"
 1282      65725F47 
 1282      50494F42 
 1282      5F3800
 1283              	.LASF89:
 1284 0418 44726976 		.ascii	"Driver_GPIOB_9\000"
 1284      65725F47 
 1284      50494F42 
 1284      5F3900
 1285              	.LASF3:
 1286 0427 73686F72 		.ascii	"short unsigned int\000"
 1286      7420756E 
 1286      7369676E 
ARM GAS  C:\Users\claym\AppData\Local\Temp\ccz4Z3e8.s 			page 27


 1286      65642069 
 1286      6E7400
 1287              	.LASF42:
 1288 043a 52656164 		.ascii	"ReadRaw\000"
 1288      52617700 
 1289              	.LASF38:
 1290 0442 496E6974 		.ascii	"Initialize\000"
 1290      69616C69 
 1290      7A6500
 1291              	.LASF100:
 1292 044d 44726976 		.ascii	"Driver_GPIOB_20\000"
 1292      65725F47 
 1292      50494F42 
 1292      5F323000 
 1293              	.LASF5:
 1294 045d 5F5F696E 		.ascii	"__int32_t\000"
 1294      7433325F 
 1294      7400
 1295              	.LASF102:
 1296 0467 44726976 		.ascii	"Driver_GPIOB_22\000"
 1296      65725F47 
 1296      50494F42 
 1296      5F323200 
 1297              	.LASF103:
 1298 0477 44726976 		.ascii	"Driver_GPIOB_23\000"
 1298      65725F47 
 1298      50494F42 
 1298      5F323300 
 1299              	.LASF48:
 1300 0487 44726976 		.ascii	"Driver_GPIOA_0\000"
 1300      65725F47 
 1300      50494F41 
 1300      5F3000
 1301              	.LASF49:
 1302 0496 44726976 		.ascii	"Driver_GPIOA_1\000"
 1302      65725F47 
 1302      50494F41 
 1302      5F3100
 1303              	.LASF50:
 1304 04a5 44726976 		.ascii	"Driver_GPIOA_2\000"
 1304      65725F47 
 1304      50494F41 
 1304      5F3200
 1305              	.LASF51:
 1306 04b4 44726976 		.ascii	"Driver_GPIOA_3\000"
 1306      65725F47 
 1306      50494F41 
 1306      5F3300
 1307              	.LASF52:
 1308 04c3 44726976 		.ascii	"Driver_GPIOA_4\000"
 1308      65725F47 
 1308      50494F41 
 1308      5F3400
 1309              	.LASF53:
 1310 04d2 44726976 		.ascii	"Driver_GPIOA_5\000"
 1310      65725F47 
 1310      50494F41 
ARM GAS  C:\Users\claym\AppData\Local\Temp\ccz4Z3e8.s 			page 28


 1310      5F3500
 1311              	.LASF54:
 1312 04e1 44726976 		.ascii	"Driver_GPIOA_6\000"
 1312      65725F47 
 1312      50494F41 
 1312      5F3600
 1313              	.LASF55:
 1314 04f0 44726976 		.ascii	"Driver_GPIOA_7\000"
 1314      65725F47 
 1314      50494F41 
 1314      5F3700
 1315              	.LASF56:
 1316 04ff 44726976 		.ascii	"Driver_GPIOA_8\000"
 1316      65725F47 
 1316      50494F41 
 1316      5F3800
 1317              	.LASF57:
 1318 050e 44726976 		.ascii	"Driver_GPIOA_9\000"
 1318      65725F47 
 1318      50494F41 
 1318      5F3900
 1319              	.LASF31:
 1320 051d 69727172 		.ascii	"irqraw\000"
 1320      617700
 1321              	.LASF20:
 1322 0524 70756C6C 		.ascii	"pullup\000"
 1322      757000
 1323              	.LASF8:
 1324 052b 6C6F6E67 		.ascii	"long unsigned int\000"
 1324      20756E73 
 1324      69676E65 
 1324      6420696E 
 1324      7400
 1325              	.LASF7:
 1326 053d 5F5F7569 		.ascii	"__uint32_t\000"
 1326      6E743332 
 1326      5F7400
 1327              	.LASF68:
 1328 0548 44726976 		.ascii	"Driver_GPIOA_20\000"
 1328      65725F47 
 1328      50494F41 
 1328      5F323000 
 1329              	.LASF23:
 1330 0558 6D61736B 		.ascii	"mask\000"
 1330      00
 1331              	.LASF70:
 1332 055d 44726976 		.ascii	"Driver_GPIOA_22\000"
 1332      65725F47 
 1332      50494F41 
 1332      5F323200 
 1333              	.LASF28:
 1334 056d 74726773 		.ascii	"trgsig\000"
 1334      696700
 1335              	.LASF72:
 1336 0574 44726976 		.ascii	"Driver_GPIOA_24\000"
 1336      65725F47 
 1336      50494F41 
ARM GAS  C:\Users\claym\AppData\Local\Temp\ccz4Z3e8.s 			page 29


 1336      5F323400 
 1337              	.LASF73:
 1338 0584 44726976 		.ascii	"Driver_GPIOA_25\000"
 1338      65725F47 
 1338      50494F41 
 1338      5F323500 
 1339              	.LASF25:
 1340 0594 70756C73 		.ascii	"pulsebase\000"
 1340      65626173 
 1340      6500
 1341              	.LASF74:
 1342 059e 44726976 		.ascii	"Driver_GPIOA_26\000"
 1342      65725F47 
 1342      50494F41 
 1342      5F323600 
 1343              	.LASF75:
 1344 05ae 44726976 		.ascii	"Driver_GPIOA_27\000"
 1344      65725F47 
 1344      50494F41 
 1344      5F323700 
 1345              	.LASF30:
 1346 05be 69727165 		.ascii	"irqenb\000"
 1346      6E6200
 1347              	.LASF32:
 1348 05c5 69727165 		.ascii	"irqend\000"
 1348      6E6400
 1349              	.LASF36:
 1350 05cc 5F564F52 		.ascii	"_VOR_DRIVER_GPIO\000"
 1350      5F445249 
 1350      5645525F 
 1350      4750494F 
 1350      00
 1351              	.LASF43:
 1352 05dd 57726974 		.ascii	"WriteRaw\000"
 1352      65526177 
 1352      00
 1353              	.LASF105:
 1354 05e6 2E5C6472 		.ascii	".\\driver\\src\\gpio_va108xx.c\000"
 1354      69766572 
 1354      5C737263 
 1354      5C677069 
 1354      6F5F7661 
 1355              	.LASF22:
 1356 0602 746F6767 		.ascii	"toggle\000"
 1356      6C6500
 1357              	.LASF101:
 1358 0609 44726976 		.ascii	"Driver_GPIOB_21\000"
 1358      65725F47 
 1358      50494F42 
 1358      5F323100 
 1359              	.LASF34:
 1360 0619 564F525F 		.ascii	"VOR_GPIO_STATUS\000"
 1360      4750494F 
 1360      5F535441 
 1360      54555300 
 1361              	.LASF17:
 1362 0629 5F564F52 		.ascii	"_VOR_DRIVER_VERSION\000"
ARM GAS  C:\Users\claym\AppData\Local\Temp\ccz4Z3e8.s 			page 30


 1362      5F445249 
 1362      5645525F 
 1362      56455253 
 1362      494F4E00 
 1363              	.LASF106:
 1364 063d 433A5C44 		.ascii	"C:\\Development\\New_Mar8\\Workspace-Vorago - REB1\\"
 1364      6576656C 
 1364      6F706D65 
 1364      6E745C4E 
 1364      65775F4D 
 1365 066d 766F7261 		.ascii	"vorago_try311\000"
 1365      676F5F74 
 1365      72793331 
 1365      3100
 1366              		.ident	"GCC: (GNU Tools for Arm Embedded Processors 7-2017-q4-major) 7.2.1 20170904 (release) [ARM
ARM GAS  C:\Users\claym\AppData\Local\Temp\ccz4Z3e8.s 			page 31


DEFINED SYMBOLS
                            *ABS*:00000000 gpio_va108xx.c

NO UNDEFINED SYMBOLS
