ARM GAS  C:\Users\claym\AppData\Local\Temp\cc2s1ex1.s 			page 1


   1              		.cpu cortex-m0
   2              		.eabi_attribute 20, 1	@ Tag_ABI_FP_denormal
   3              		.eabi_attribute 21, 1	@ Tag_ABI_FP_exceptions
   4              		.eabi_attribute 23, 3	@ Tag_ABI_FP_number_model
   5              		.eabi_attribute 24, 1	@ Tag_ABI_align8_needed
   6              		.eabi_attribute 25, 1	@ Tag_ABI_align8_preserved
   7              		.eabi_attribute 26, 1	@ Tag_ABI_enum_size
   8              		.eabi_attribute 30, 4	@ Tag_ABI_optimization_goals
   9              		.eabi_attribute 34, 0	@ Tag_CPU_unaligned_access
  10              		.eabi_attribute 18, 4	@ Tag_ABI_PCS_wchar_t
  11              		.file	"reb_adt75.c"
  12              	@ GNU C11 (GNU Tools for Arm Embedded Processors 7-2017-q4-major) version 7.2.1 20170904 (release) 
  13              	@	compiled by GNU C version 5.3.1 20160211, GMP version 6.1.0, MPFR version 3.1.4, MPC version 1.0.
  14              	
  15              	@ GGC heuristics: --param ggc-min-expand=100 --param ggc-min-heapsize=131072
  16              	@ options passed:  -I . -I .\common\hdr -I .\driver\hdr -I .\utilities\hdr
  17              	@ -I .\inc -I .\driver\hdr -I .\hdr -imultilib thumb/v6-m
  18              	@ -iprefix c:\program files (x86)\gnu tools arm embedded\7 2017-q4-major\bin\../lib/gcc/arm-none-ea
  19              	@ -isysroot c:\program files (x86)\gnu tools arm embedded\7 2017-q4-major\bin\../arm-none-eabi
  20              	@ -D__USES_INITFINI__ -D RUN_FROM_FLASH=1 .\src\reb_adt75.c -mcpu=cortex-m0
  21              	@ -mthumb -auxbase-strip .\src\reb_adt75.o -gdwarf-2 -Os -Wall
  22              	@ -Wstrict-prototypes -fomit-frame-pointer -fverbose-asm
  23              	@ options enabled:  -faggressive-loop-optimizations -falign-jumps
  24              	@ -falign-labels -falign-loops -fauto-inc-dec -fbranch-count-reg
  25              	@ -fcaller-saves -fchkp-check-incomplete-type -fchkp-check-read
  26              	@ -fchkp-check-write -fchkp-instrument-calls -fchkp-narrow-bounds
  27              	@ -fchkp-optimize -fchkp-store-bounds -fchkp-use-static-bounds
  28              	@ -fchkp-use-static-const-bounds -fchkp-use-wrappers -fcode-hoisting
  29              	@ -fcombine-stack-adjustments -fcommon -fcompare-elim -fcprop-registers
  30              	@ -fcrossjumping -fcse-follow-jumps -fdefer-pop
  31              	@ -fdelete-null-pointer-checks -fdevirtualize -fdevirtualize-speculatively
  32              	@ -fdwarf2-cfi-asm -fearly-inlining -feliminate-unused-debug-types
  33              	@ -fexpensive-optimizations -fforward-propagate -ffp-int-builtin-inexact
  34              	@ -ffunction-cse -fgcse -fgcse-lm -fgnu-runtime -fgnu-unique
  35              	@ -fguess-branch-probability -fhoist-adjacent-loads -fident -fif-conversion
  36              	@ -fif-conversion2 -findirect-inlining -finline -finline-atomics
  37              	@ -finline-functions -finline-functions-called-once
  38              	@ -finline-small-functions -fipa-bit-cp -fipa-cp -fipa-icf
  39              	@ -fipa-icf-functions -fipa-icf-variables -fipa-profile -fipa-pure-const
  40              	@ -fipa-reference -fipa-sra -fipa-vrp -fira-hoist-pressure
  41              	@ -fira-share-save-slots -fira-share-spill-slots
  42              	@ -fisolate-erroneous-paths-dereference -fivopts -fkeep-static-consts
  43              	@ -fleading-underscore -flifetime-dse -flra-remat -flto-odr-type-merging
  44              	@ -fmath-errno -fmerge-constants -fmerge-debug-strings
  45              	@ -fmove-loop-invariants -fomit-frame-pointer -foptimize-sibling-calls
  46              	@ -fpartial-inlining -fpeephole -fpeephole2 -fplt -fprefetch-loop-arrays
  47              	@ -freg-struct-return -freorder-blocks -freorder-functions
  48              	@ -frerun-cse-after-loop -fsched-critical-path-heuristic
  49              	@ -fsched-dep-count-heuristic -fsched-group-heuristic -fsched-interblock
  50              	@ -fsched-last-insn-heuristic -fsched-pressure -fsched-rank-heuristic
  51              	@ -fsched-spec -fsched-spec-insn-heuristic -fsched-stalled-insns-dep
  52              	@ -fschedule-insns2 -fsection-anchors -fsemantic-interposition
  53              	@ -fshow-column -fshrink-wrap -fshrink-wrap-separate -fsigned-zeros
  54              	@ -fsplit-ivs-in-unroller -fsplit-wide-types -fssa-backprop -fssa-phiopt
  55              	@ -fstdarg-opt -fstore-merging -fstrict-aliasing -fstrict-overflow
  56              	@ -fstrict-volatile-bitfields -fsync-libcalls -fthread-jumps
  57              	@ -ftoplevel-reorder -ftrapping-math -ftree-bit-ccp -ftree-builtin-call-dce
ARM GAS  C:\Users\claym\AppData\Local\Temp\cc2s1ex1.s 			page 2


  58              	@ -ftree-ccp -ftree-ch -ftree-coalesce-vars -ftree-copy-prop -ftree-cselim
  59              	@ -ftree-dce -ftree-dominator-opts -ftree-dse -ftree-forwprop -ftree-fre
  60              	@ -ftree-loop-if-convert -ftree-loop-im -ftree-loop-ivcanon
  61              	@ -ftree-loop-optimize -ftree-parallelize-loops= -ftree-phiprop -ftree-pre
  62              	@ -ftree-pta -ftree-reassoc -ftree-scev-cprop -ftree-sink -ftree-slsr
  63              	@ -ftree-sra -ftree-switch-conversion -ftree-tail-merge -ftree-ter
  64              	@ -ftree-vrp -funit-at-a-time -fvar-tracking -fvar-tracking-assignments
  65              	@ -fverbose-asm -fzero-initialized-in-bss -mlittle-endian
  66              	@ -mpic-data-is-text-relative -msched-prolog -mthumb
  67              	@ -mvectorize-with-neon-quad
  68              	
  69              		.text
  70              	.Ltext0:
  71              		.cfi_sections	.debug_frame
  72              		.align	1
  73              		.global	VOR_ADT75_Initialize
  74              		.syntax unified
  75              		.code	16
  76              		.thumb_func
  77              		.fpu softvfp
  78              		.type	VOR_ADT75_Initialize, %function
  79              	VOR_ADT75_Initialize:
  80              	.LFB0:
  81              		.file 1 ".\\src\\reb_adt75.c"
   1:.\src/reb_adt75.c **** /***************************************************************************************
   2:.\src/reb_adt75.c ****  * @file     reb_adt75.c
   3:.\src/reb_adt75.c ****  * @version  V1.0
   4:.\src/reb_adt75.c ****  * @date     31. March 2016
   5:.\src/reb_adt75.c ****  *
   6:.\src/reb_adt75.c ****  * @note
   7:.\src/reb_adt75.c ****  * VORAGO Technologies 
   8:.\src/reb_adt75.c ****  *
   9:.\src/reb_adt75.c ****  * @note
  10:.\src/reb_adt75.c ****  * Copyright (c) 2013-2016 VORAGO Technologies. 
  11:.\src/reb_adt75.c ****  *
  12:.\src/reb_adt75.c ****  * @par
  13:.\src/reb_adt75.c ****  * BY DOWNLOADING, INSTALLING OR USING THIS SOFTWARE, YOU AGREE TO BE BOUND BY 
  14:.\src/reb_adt75.c ****  * ALL THE TERMS AND CONDITIONS OF THE VORAGO TECHNOLOGIES END USER LICENSE AGREEMENT. 
  15:.\src/reb_adt75.c ****  * THIS SOFTWARE IS PROVIDED "AS IS". NO WARRANTIES, WHETHER EXPRESS, IMPLIED
  16:.\src/reb_adt75.c ****  * OR STATUTORY, INCLUDING, BUT NOT LIMITED TO, IMPLIED WARRANTIES OF MERCHANTABILITY 
  17:.\src/reb_adt75.c ****  * AND FITNESS FOR A PARTICULAR PURPOSE APPLY TO THIS SOFTWARE. VORAGO TECHNOLOGIES 
  18:.\src/reb_adt75.c ****  * SHALL NOT, IN ANY CIRCUMSTANCES, BE LIABLE FOR SPECIAL, INCIDENTAL, OR CONSEQUENTIAL 
  19:.\src/reb_adt75.c ****  * DAMAGES, FOR ANY REASON WHATSOEVER.
  20:.\src/reb_adt75.c ****  *
  21:.\src/reb_adt75.c ****  ****************************************************************************************/
  22:.\src/reb_adt75.c **** #include "driver_i2c.h"
  23:.\src/reb_adt75.c **** #include "reb_adt75.h"
  24:.\src/reb_adt75.c **** 
  25:.\src/reb_adt75.c **** int32_t VOR_ADT75_Initialize(void) 
  26:.\src/reb_adt75.c **** {
  82              		.loc 1 26 0
  83              		.cfi_startproc
  84              		@ args = 0, pretend = 0, frame = 0
  85              		@ frame_needed = 0, uses_anonymous_args = 0
  86              	.LVL0:
  87 0000 10B5     		push	{r4, lr}	@
  88              	.LCFI0:
ARM GAS  C:\Users\claym\AppData\Local\Temp\cc2s1ex1.s 			page 3


  89              		.cfi_def_cfa_offset 8
  90              		.cfi_offset 4, -8
  91              		.cfi_offset 14, -4
  92              	@ .\src\reb_adt75.c:30: 	pI2C->Initialize(NULL); 
  27:.\src/reb_adt75.c **** 	int32_t retCode = 0; 
  28:.\src/reb_adt75.c **** 	VOR_DRIVER_I2C *pI2C = &Driver_I2C0;
  29:.\src/reb_adt75.c **** 	
  30:.\src/reb_adt75.c **** 	pI2C->Initialize(NULL); 
  93              		.loc 1 30 0
  94 0002 0D4C     		ldr	r4, .L2	@ tmp117,
  95 0004 0020     		movs	r0, #0	@,
  96 0006 6368     		ldr	r3, [r4, #4]	@ tmp131, Driver_I2C0.Initialize
  97 0008 9847     		blx	r3	@ tmp131
  98              	.LVL1:
  99              	@ .\src\reb_adt75.c:31: 	pI2C->Control(VOR_I2C_DRV_POLL, VOR_I2C_CTRL_ENABLE); 					/* Select poll 
  31:.\src/reb_adt75.c **** 	pI2C->Control(VOR_I2C_DRV_POLL, VOR_I2C_CTRL_ENABLE); 					/* Select poll mode driver */  
 100              		.loc 1 31 0
 101 000a 0121     		movs	r1, #1	@,
 102 000c 236A     		ldr	r3, [r4, #32]	@ tmp133, Driver_I2C0.Control
 103 000e 0800     		movs	r0, r1	@,
 104 0010 9847     		blx	r3	@ tmp133
 105              	.LVL2:
 106              	@ .\src\reb_adt75.c:32: 	pI2C->Control(VOR_I2C_POLL_TOUT, 100000); 										  /* Set poll time-out
  32:.\src/reb_adt75.c **** 	pI2C->Control(VOR_I2C_POLL_TOUT, 100000); 										  /* Set poll time-out time to 100 msec */ 
 107              		.loc 1 32 0
 108 0012 236A     		ldr	r3, [r4, #32]	@ tmp135, Driver_I2C0.Control
 109 0014 0949     		ldr	r1, .L2+4	@,
 110 0016 0220     		movs	r0, #2	@,
 111 0018 9847     		blx	r3	@ tmp135
 112              	.LVL3:
 113              	@ .\src\reb_adt75.c:33: 	pI2C->Control(VOR_I2C_BUS_SPEED, VOR_I2C_BUS_SPEED_STANDARD); 	/* Select s
  33:.\src/reb_adt75.c **** 	pI2C->Control(VOR_I2C_BUS_SPEED, VOR_I2C_BUS_SPEED_STANDARD); 	/* Select standard speed */ 
 114              		.loc 1 33 0
 115 001a 236A     		ldr	r3, [r4, #32]	@ tmp137, Driver_I2C0.Control
 116 001c 0121     		movs	r1, #1	@,
 117 001e 0320     		movs	r0, #3	@,
 118 0020 9847     		blx	r3	@ tmp137
 119              	.LVL4:
 120              	@ .\src\reb_adt75.c:34: 	pI2C->Control(VOR_I2C_ADDRESS_10BIT, VOR_I2C_CTRL_DISABLE); 		/* 7 bit add
  34:.\src/reb_adt75.c **** 	pI2C->Control(VOR_I2C_ADDRESS_10BIT, VOR_I2C_CTRL_DISABLE); 		/* 7 bit address mode */ 
 121              		.loc 1 34 0
 122 0022 236A     		ldr	r3, [r4, #32]	@ tmp139, Driver_I2C0.Control
 123 0024 0021     		movs	r1, #0	@,
 124 0026 0520     		movs	r0, #5	@,
 125 0028 9847     		blx	r3	@ tmp139
 126              	.LVL5:
 127              	@ .\src\reb_adt75.c:35: 	pI2C->Control(VOR_I2C_OWN_ADDRESS, ADT75_DEVICE_ADDRESS);
  35:.\src/reb_adt75.c **** 	pI2C->Control(VOR_I2C_OWN_ADDRESS, ADT75_DEVICE_ADDRESS);
 128              		.loc 1 35 0
 129 002a 236A     		ldr	r3, [r4, #32]	@ Driver_I2C0.Control, Driver_I2C0.Control
 130 002c 4821     		movs	r1, #72	@,
 131 002e 0420     		movs	r0, #4	@,
 132 0030 9847     		blx	r3	@ Driver_I2C0.Control
 133              	.LVL6:
 134              	@ .\src\reb_adt75.c:38: }
  36:.\src/reb_adt75.c **** 	
  37:.\src/reb_adt75.c **** 	return retCode; 
ARM GAS  C:\Users\claym\AppData\Local\Temp\cc2s1ex1.s 			page 4


  38:.\src/reb_adt75.c **** }
 135              		.loc 1 38 0
 136              		@ sp needed	@
 137 0032 0020     		movs	r0, #0	@,
 138 0034 10BD     		pop	{r4, pc}
 139              	.L3:
 140 0036 C046     		.align	2
 141              	.L2:
 142 0038 00000000 		.word	Driver_I2C0
 143 003c A0860100 		.word	100000
 144              		.cfi_endproc
 145              	.LFE0:
 146              		.size	VOR_ADT75_Initialize, .-VOR_ADT75_Initialize
 147              		.align	1
 148              		.global	VOR_ADT75_UnInitialize
 149              		.syntax unified
 150              		.code	16
 151              		.thumb_func
 152              		.fpu softvfp
 153              		.type	VOR_ADT75_UnInitialize, %function
 154              	VOR_ADT75_UnInitialize:
 155              	.LFB1:
  39:.\src/reb_adt75.c **** 
  40:.\src/reb_adt75.c **** int32_t VOR_ADT75_UnInitialize(void) 
  41:.\src/reb_adt75.c **** {
 156              		.loc 1 41 0
 157              		.cfi_startproc
 158              		@ args = 0, pretend = 0, frame = 0
 159              		@ frame_needed = 0, uses_anonymous_args = 0
 160              	.LVL7:
 161 0040 10B5     		push	{r4, lr}	@
 162              	.LCFI1:
 163              		.cfi_def_cfa_offset 8
 164              		.cfi_offset 4, -8
 165              		.cfi_offset 14, -4
 166              	@ .\src\reb_adt75.c:45: 	pI2C->Uninitialize(); 
  42:.\src/reb_adt75.c **** 	int32_t retCode = 0; 
  43:.\src/reb_adt75.c **** 	VOR_DRIVER_I2C *pI2C = &Driver_I2C0;
  44:.\src/reb_adt75.c **** 	
  45:.\src/reb_adt75.c **** 	pI2C->Uninitialize(); 
 167              		.loc 1 45 0
 168 0042 024B     		ldr	r3, .L5	@ tmp112,
 169              	@ .\src\reb_adt75.c:48: }
  46:.\src/reb_adt75.c **** 	
  47:.\src/reb_adt75.c **** 	return retCode; 
  48:.\src/reb_adt75.c **** }
 170              		.loc 1 48 0
 171              		@ sp needed	@
 172              	@ .\src\reb_adt75.c:45: 	pI2C->Uninitialize(); 
  45:.\src/reb_adt75.c **** 	
 173              		.loc 1 45 0
 174 0044 9B68     		ldr	r3, [r3, #8]	@ Driver_I2C0.Uninitialize, Driver_I2C0.Uninitialize
 175 0046 9847     		blx	r3	@ Driver_I2C0.Uninitialize
 176              	.LVL8:
 177              	@ .\src\reb_adt75.c:48: }
 178              		.loc 1 48 0
 179 0048 0020     		movs	r0, #0	@,
ARM GAS  C:\Users\claym\AppData\Local\Temp\cc2s1ex1.s 			page 5


 180 004a 10BD     		pop	{r4, pc}
 181              	.L6:
 182              		.align	2
 183              	.L5:
 184 004c 00000000 		.word	Driver_I2C0
 185              		.cfi_endproc
 186              	.LFE1:
 187              		.size	VOR_ADT75_UnInitialize, .-VOR_ADT75_UnInitialize
 188              		.align	1
 189              		.global	VOR_ADT75_GetTemp
 190              		.syntax unified
 191              		.code	16
 192              		.thumb_func
 193              		.fpu softvfp
 194              		.type	VOR_ADT75_GetTemp, %function
 195              	VOR_ADT75_GetTemp:
 196              	.LFB2:
  49:.\src/reb_adt75.c **** 
  50:.\src/reb_adt75.c **** int32_t VOR_ADT75_GetTemp(uint8_t *cur_temp) 
  51:.\src/reb_adt75.c **** {
 197              		.loc 1 51 0
 198              		.cfi_startproc
 199              		@ args = 0, pretend = 0, frame = 8
 200              		@ frame_needed = 0, uses_anonymous_args = 0
 201              	.LVL9:
 202 0050 73B5     		push	{r0, r1, r4, r5, r6, lr}	@
 203              	.LCFI2:
 204              		.cfi_def_cfa_offset 24
 205              		.cfi_offset 0, -24
 206              		.cfi_offset 1, -20
 207              		.cfi_offset 4, -16
 208              		.cfi_offset 5, -12
 209              		.cfi_offset 6, -8
 210              		.cfi_offset 14, -4
 211              	@ .\src\reb_adt75.c:55: 	reg_addrs = ADT75_TEMP_REG; 
  52:.\src/reb_adt75.c **** 	int32_t retCode = 0; 
  53:.\src/reb_adt75.c **** 	uint8_t rx_data[2], reg_addrs; 
  54:.\src/reb_adt75.c **** 	VOR_DRIVER_I2C *pI2C = &Driver_I2C0;
  55:.\src/reb_adt75.c **** 	reg_addrs = ADT75_TEMP_REG; 
 212              		.loc 1 55 0
 213 0052 6B46     		mov	r3, sp	@ tmp144,
 214 0054 D91C     		adds	r1, r3, #3	@ tmp123, tmp144,
 215 0056 0023     		movs	r3, #0	@ tmp124,
 216              	@ .\src\reb_adt75.c:57: 	retCode = pI2C->MasterTransmit(ADT75_DEVICE_ADDRESS, &reg_addrs, sizeof(ui
  56:.\src/reb_adt75.c **** 
  57:.\src/reb_adt75.c **** 	retCode = pI2C->MasterTransmit(ADT75_DEVICE_ADDRESS, &reg_addrs, sizeof(uint8_t), false);	
 217              		.loc 1 57 0
 218 0058 094D     		ldr	r5, .L9	@ tmp127,
 219              	@ .\src\reb_adt75.c:51: {
  51:.\src/reb_adt75.c **** 	int32_t retCode = 0; 
 220              		.loc 1 51 0
 221 005a 0600     		movs	r6, r0	@ cur_temp, cur_temp
 222              	@ .\src\reb_adt75.c:57: 	retCode = pI2C->MasterTransmit(ADT75_DEVICE_ADDRESS, &reg_addrs, sizeof(ui
 223              		.loc 1 57 0
 224 005c EC68     		ldr	r4, [r5, #12]	@ tmp145, Driver_I2C0.MasterTransmit
 225              	@ .\src\reb_adt75.c:55: 	reg_addrs = ADT75_TEMP_REG; 
  55:.\src/reb_adt75.c **** 
ARM GAS  C:\Users\claym\AppData\Local\Temp\cc2s1ex1.s 			page 6


 226              		.loc 1 55 0
 227 005e 0B70     		strb	r3, [r1]	@ tmp124, reg_addrs
 228              	@ .\src\reb_adt75.c:57: 	retCode = pI2C->MasterTransmit(ADT75_DEVICE_ADDRESS, &reg_addrs, sizeof(ui
 229              		.loc 1 57 0
 230 0060 0122     		movs	r2, #1	@,
 231 0062 4820     		movs	r0, #72	@,
 232              	.LVL10:
 233 0064 A047     		blx	r4	@ tmp145
 234              	.LVL11:
 235 0066 01AC     		add	r4, sp, #4	@ tmp143,,
 236              	@ .\src\reb_adt75.c:58: 	if( retCode == 0 )
  58:.\src/reb_adt75.c **** 	if( retCode == 0 )
 237              		.loc 1 58 0
 238 0068 0028     		cmp	r0, #0	@ <retval>,
 239 006a 05D1     		bne	.L8	@,
 240              	@ .\src\reb_adt75.c:59: 		retCode = pI2C->MasterReceive(ADT75_DEVICE_ADDRESS, rx_data, sizeof(uint8
  59:.\src/reb_adt75.c **** 		retCode = pI2C->MasterReceive(ADT75_DEVICE_ADDRESS, rx_data, sizeof(uint8_t)*2, false);	
 241              		.loc 1 59 0
 242 006c 0300     		movs	r3, r0	@, <retval>
 243 006e 2D69     		ldr	r5, [r5, #16]	@ Driver_I2C0.MasterReceive, Driver_I2C0.MasterReceive
 244 0070 0222     		movs	r2, #2	@,
 245 0072 2100     		movs	r1, r4	@, tmp143
 246 0074 4830     		adds	r0, r0, #72	@,
 247              	.LVL12:
 248 0076 A847     		blx	r5	@ Driver_I2C0.MasterReceive
 249              	.LVL13:
 250              	.L8:
 251              	@ .\src\reb_adt75.c:60: 	*cur_temp = (rx_data[0]<<4 | rx_data[1]>>4)>>4; 
  60:.\src/reb_adt75.c **** 	*cur_temp = (rx_data[0]<<4 | rx_data[1]>>4)>>4; 
 252              		.loc 1 60 0
 253 0078 2378     		ldrb	r3, [r4]	@ tmp140, rx_data
 254              	@ .\src\reb_adt75.c:63: }
  61:.\src/reb_adt75.c **** 
  62:.\src/reb_adt75.c **** 	return retCode; 
  63:.\src/reb_adt75.c **** }
 255              		.loc 1 63 0
 256              		@ sp needed	@
 257              	@ .\src\reb_adt75.c:60: 	*cur_temp = (rx_data[0]<<4 | rx_data[1]>>4)>>4; 
  60:.\src/reb_adt75.c **** 	*cur_temp = (rx_data[0]<<4 | rx_data[1]>>4)>>4; 
 258              		.loc 1 60 0
 259 007a 3370     		strb	r3, [r6]	@ tmp140, *cur_temp_20(D)
 260              	.LVL14:
 261              	@ .\src\reb_adt75.c:63: }
 262              		.loc 1 63 0
 263 007c 76BD     		pop	{r1, r2, r4, r5, r6, pc}
 264              	.L10:
 265 007e C046     		.align	2
 266              	.L9:
 267 0080 00000000 		.word	Driver_I2C0
 268              		.cfi_endproc
 269              	.LFE2:
 270              		.size	VOR_ADT75_GetTemp, .-VOR_ADT75_GetTemp
 271              	.Letext0:
 272              		.file 2 "c:\\program files (x86)\\gnu tools arm embedded\\7 2017-q4-major\\arm-none-eabi\\include\
 273              		.file 3 "c:\\program files (x86)\\gnu tools arm embedded\\7 2017-q4-major\\arm-none-eabi\\include\
 274              		.file 4 ".\\driver\\hdr/driver_common.h"
 275              		.file 5 ".\\driver\\hdr/driver_i2c.h"
ARM GAS  C:\Users\claym\AppData\Local\Temp\cc2s1ex1.s 			page 7


 276              		.section	.debug_info,"",%progbits
 277              	.Ldebug_info0:
 278 0000 89050000 		.4byte	0x589
 279 0004 0200     		.2byte	0x2
 280 0006 00000000 		.4byte	.Ldebug_abbrev0
 281 000a 04       		.byte	0x4
 282 000b 01       		.uleb128 0x1
 283 000c EA010000 		.4byte	.LASF61
 284 0010 0C       		.byte	0xc
 285 0011 11010000 		.4byte	.LASF62
 286 0015 2C010000 		.4byte	.LASF63
 287 0019 00000000 		.4byte	.Ltext0
 288 001d 84000000 		.4byte	.Letext0
 289 0021 00000000 		.4byte	.Ldebug_line0
 290 0025 02       		.uleb128 0x2
 291 0026 04       		.byte	0x4
 292 0027 05       		.byte	0x5
 293 0028 696E7400 		.ascii	"int\000"
 294 002c 03       		.uleb128 0x3
 295 002d 04       		.byte	0x4
 296 002e 07       		.byte	0x7
 297 002f 9A020000 		.4byte	.LASF0
 298 0033 03       		.uleb128 0x3
 299 0034 08       		.byte	0x8
 300 0035 05       		.byte	0x5
 301 0036 F4000000 		.4byte	.LASF1
 302 003a 03       		.uleb128 0x3
 303 003b 08       		.byte	0x8
 304 003c 04       		.byte	0x4
 305 003d B6010000 		.4byte	.LASF2
 306 0041 03       		.uleb128 0x3
 307 0042 01       		.byte	0x1
 308 0043 06       		.byte	0x6
 309 0044 6E020000 		.4byte	.LASF3
 310 0048 04       		.uleb128 0x4
 311 0049 6A010000 		.4byte	.LASF6
 312 004d 02       		.byte	0x2
 313 004e 2B       		.byte	0x2b
 314 004f 53000000 		.4byte	0x53
 315 0053 03       		.uleb128 0x3
 316 0054 01       		.byte	0x1
 317 0055 08       		.byte	0x8
 318 0056 DC010000 		.4byte	.LASF4
 319 005a 03       		.uleb128 0x3
 320 005b 02       		.byte	0x2
 321 005c 05       		.byte	0x5
 322 005d 33000000 		.4byte	.LASF5
 323 0061 04       		.uleb128 0x4
 324 0062 8E000000 		.4byte	.LASF7
 325 0066 02       		.byte	0x2
 326 0067 39       		.byte	0x39
 327 0068 6C000000 		.4byte	0x6c
 328 006c 03       		.uleb128 0x3
 329 006d 02       		.byte	0x2
 330 006e 07       		.byte	0x7
 331 006f B8020000 		.4byte	.LASF8
 332 0073 04       		.uleb128 0x4
ARM GAS  C:\Users\claym\AppData\Local\Temp\cc2s1ex1.s 			page 8


 333 0074 19030000 		.4byte	.LASF9
 334 0078 02       		.byte	0x2
 335 0079 4D       		.byte	0x4d
 336 007a 7E000000 		.4byte	0x7e
 337 007e 03       		.uleb128 0x3
 338 007f 04       		.byte	0x4
 339 0080 05       		.byte	0x5
 340 0081 23010000 		.4byte	.LASF10
 341 0085 04       		.uleb128 0x4
 342 0086 71000000 		.4byte	.LASF11
 343 008a 02       		.byte	0x2
 344 008b 4F       		.byte	0x4f
 345 008c 90000000 		.4byte	0x90
 346 0090 03       		.uleb128 0x3
 347 0091 04       		.byte	0x4
 348 0092 07       		.byte	0x7
 349 0093 F7020000 		.4byte	.LASF12
 350 0097 03       		.uleb128 0x3
 351 0098 08       		.byte	0x8
 352 0099 07       		.byte	0x7
 353 009a 7A020000 		.4byte	.LASF13
 354 009e 04       		.uleb128 0x4
 355 009f AE000000 		.4byte	.LASF14
 356 00a3 03       		.byte	0x3
 357 00a4 18       		.byte	0x18
 358 00a5 48000000 		.4byte	0x48
 359 00a9 05       		.uleb128 0x5
 360 00aa 9E000000 		.4byte	0x9e
 361 00ae 04       		.uleb128 0x4
 362 00af A7020000 		.4byte	.LASF15
 363 00b3 03       		.byte	0x3
 364 00b4 24       		.byte	0x24
 365 00b5 61000000 		.4byte	0x61
 366 00b9 04       		.uleb128 0x4
 367 00ba D4020000 		.4byte	.LASF16
 368 00be 03       		.byte	0x3
 369 00bf 2C       		.byte	0x2c
 370 00c0 73000000 		.4byte	0x73
 371 00c4 04       		.uleb128 0x4
 372 00c5 91020000 		.4byte	.LASF17
 373 00c9 03       		.byte	0x3
 374 00ca 30       		.byte	0x30
 375 00cb 85000000 		.4byte	0x85
 376 00cf 06       		.uleb128 0x6
 377 00d0 8A030000 		.4byte	.LASF19
 378 00d4 04       		.byte	0x4
 379 00d5 04       		.byte	0x4
 380 00d6 2D       		.byte	0x2d
 381 00d7 F8000000 		.4byte	0xf8
 382 00db 07       		.uleb128 0x7
 383 00dc 61706900 		.ascii	"api\000"
 384 00e0 04       		.byte	0x4
 385 00e1 2E       		.byte	0x2e
 386 00e2 AE000000 		.4byte	0xae
 387 00e6 02       		.byte	0x2
 388 00e7 23       		.byte	0x23
 389 00e8 00       		.uleb128 0
ARM GAS  C:\Users\claym\AppData\Local\Temp\cc2s1ex1.s 			page 9


 390 00e9 07       		.uleb128 0x7
 391 00ea 64727600 		.ascii	"drv\000"
 392 00ee 04       		.byte	0x4
 393 00ef 2F       		.byte	0x2f
 394 00f0 AE000000 		.4byte	0xae
 395 00f4 02       		.byte	0x2
 396 00f5 23       		.byte	0x23
 397 00f6 02       		.uleb128 0x2
 398 00f7 00       		.byte	0
 399 00f8 04       		.uleb128 0x4
 400 00f9 C2010000 		.4byte	.LASF18
 401 00fd 04       		.byte	0x4
 402 00fe 30       		.byte	0x30
 403 00ff CF000000 		.4byte	0xcf
 404 0103 06       		.uleb128 0x6
 405 0104 89010000 		.4byte	.LASF20
 406 0108 04       		.byte	0x4
 407 0109 05       		.byte	0x5
 408 010a 5E       		.byte	0x5e
 409 010b 31020000 		.4byte	0x231
 410 010f 08       		.uleb128 0x8
 411 0110 66030000 		.4byte	.LASF21
 412 0114 05       		.byte	0x5
 413 0115 5F       		.byte	0x5f
 414 0116 C4000000 		.4byte	0xc4
 415 011a 04       		.byte	0x4
 416 011b 01       		.byte	0x1
 417 011c 1F       		.byte	0x1f
 418 011d 02       		.byte	0x2
 419 011e 23       		.byte	0x23
 420 011f 00       		.uleb128 0
 421 0120 08       		.uleb128 0x8
 422 0121 B6000000 		.4byte	.LASF22
 423 0125 05       		.byte	0x5
 424 0126 60       		.byte	0x60
 425 0127 C4000000 		.4byte	0xc4
 426 012b 04       		.byte	0x4
 427 012c 01       		.byte	0x1
 428 012d 1E       		.byte	0x1e
 429 012e 02       		.byte	0x2
 430 012f 23       		.byte	0x23
 431 0130 00       		.uleb128 0
 432 0131 08       		.uleb128 0x8
 433 0132 5E030000 		.4byte	.LASF23
 434 0136 05       		.byte	0x5
 435 0137 61       		.byte	0x61
 436 0138 C4000000 		.4byte	0xc4
 437 013c 04       		.byte	0x4
 438 013d 01       		.byte	0x1
 439 013e 1D       		.byte	0x1d
 440 013f 02       		.byte	0x2
 441 0140 23       		.byte	0x23
 442 0141 00       		.uleb128 0
 443 0142 08       		.uleb128 0x8
 444 0143 CA000000 		.4byte	.LASF24
 445 0147 05       		.byte	0x5
 446 0148 62       		.byte	0x62
ARM GAS  C:\Users\claym\AppData\Local\Temp\cc2s1ex1.s 			page 10


 447 0149 C4000000 		.4byte	0xc4
 448 014d 04       		.byte	0x4
 449 014e 01       		.byte	0x1
 450 014f 1C       		.byte	0x1c
 451 0150 02       		.byte	0x2
 452 0151 23       		.byte	0x23
 453 0152 00       		.uleb128 0
 454 0153 08       		.uleb128 0x8
 455 0154 D2000000 		.4byte	.LASF25
 456 0158 05       		.byte	0x5
 457 0159 63       		.byte	0x63
 458 015a C4000000 		.4byte	0xc4
 459 015e 04       		.byte	0x4
 460 015f 01       		.byte	0x1
 461 0160 1B       		.byte	0x1b
 462 0161 02       		.byte	0x2
 463 0162 23       		.byte	0x23
 464 0163 00       		.uleb128 0
 465 0164 08       		.uleb128 0x8
 466 0165 3E030000 		.4byte	.LASF26
 467 0169 05       		.byte	0x5
 468 016a 64       		.byte	0x64
 469 016b C4000000 		.4byte	0xc4
 470 016f 04       		.byte	0x4
 471 0170 01       		.byte	0x1
 472 0171 1A       		.byte	0x1a
 473 0172 02       		.byte	0x2
 474 0173 23       		.byte	0x23
 475 0174 00       		.uleb128 0
 476 0175 08       		.uleb128 0x8
 477 0176 99000000 		.4byte	.LASF27
 478 017a 05       		.byte	0x5
 479 017b 65       		.byte	0x65
 480 017c C4000000 		.4byte	0xc4
 481 0180 04       		.byte	0x4
 482 0181 01       		.byte	0x1
 483 0182 19       		.byte	0x19
 484 0183 02       		.byte	0x2
 485 0184 23       		.byte	0x23
 486 0185 00       		.uleb128 0
 487 0186 08       		.uleb128 0x8
 488 0187 2B030000 		.4byte	.LASF28
 489 018b 05       		.byte	0x5
 490 018c 66       		.byte	0x66
 491 018d C4000000 		.4byte	0xc4
 492 0191 04       		.byte	0x4
 493 0192 01       		.byte	0x1
 494 0193 18       		.byte	0x18
 495 0194 02       		.byte	0x2
 496 0195 23       		.byte	0x23
 497 0196 00       		.uleb128 0
 498 0197 08       		.uleb128 0x8
 499 0198 9E030000 		.4byte	.LASF29
 500 019c 05       		.byte	0x5
 501 019d 67       		.byte	0x67
 502 019e C4000000 		.4byte	0xc4
 503 01a2 04       		.byte	0x4
ARM GAS  C:\Users\claym\AppData\Local\Temp\cc2s1ex1.s 			page 11


 504 01a3 01       		.byte	0x1
 505 01a4 17       		.byte	0x17
 506 01a5 02       		.byte	0x2
 507 01a6 23       		.byte	0x23
 508 01a7 00       		.uleb128 0
 509 01a8 08       		.uleb128 0x8
 510 01a9 34030000 		.4byte	.LASF30
 511 01ad 05       		.byte	0x5
 512 01ae 68       		.byte	0x68
 513 01af C4000000 		.4byte	0xc4
 514 01b3 04       		.byte	0x4
 515 01b4 01       		.byte	0x1
 516 01b5 16       		.byte	0x16
 517 01b6 02       		.byte	0x2
 518 01b7 23       		.byte	0x23
 519 01b8 00       		.uleb128 0
 520 01b9 08       		.uleb128 0x8
 521 01ba B0020000 		.4byte	.LASF31
 522 01be 05       		.byte	0x5
 523 01bf 69       		.byte	0x69
 524 01c0 C4000000 		.4byte	0xc4
 525 01c4 04       		.byte	0x4
 526 01c5 01       		.byte	0x1
 527 01c6 15       		.byte	0x15
 528 01c7 02       		.byte	0x2
 529 01c8 23       		.byte	0x23
 530 01c9 00       		.uleb128 0
 531 01ca 08       		.uleb128 0x8
 532 01cb 23030000 		.4byte	.LASF32
 533 01cf 05       		.byte	0x5
 534 01d0 6A       		.byte	0x6a
 535 01d1 C4000000 		.4byte	0xc4
 536 01d5 04       		.byte	0x4
 537 01d6 01       		.byte	0x1
 538 01d7 14       		.byte	0x14
 539 01d8 02       		.byte	0x2
 540 01d9 23       		.byte	0x23
 541 01da 00       		.uleb128 0
 542 01db 08       		.uleb128 0x8
 543 01dc 6E030000 		.4byte	.LASF33
 544 01e0 05       		.byte	0x5
 545 01e1 6B       		.byte	0x6b
 546 01e2 C4000000 		.4byte	0xc4
 547 01e6 04       		.byte	0x4
 548 01e7 01       		.byte	0x1
 549 01e8 13       		.byte	0x13
 550 01e9 02       		.byte	0x2
 551 01ea 23       		.byte	0x23
 552 01eb 00       		.uleb128 0
 553 01ec 08       		.uleb128 0x8
 554 01ed E2020000 		.4byte	.LASF34
 555 01f1 05       		.byte	0x5
 556 01f2 6C       		.byte	0x6c
 557 01f3 C4000000 		.4byte	0xc4
 558 01f7 04       		.byte	0x4
 559 01f8 01       		.byte	0x1
 560 01f9 12       		.byte	0x12
ARM GAS  C:\Users\claym\AppData\Local\Temp\cc2s1ex1.s 			page 12


 561 01fa 02       		.byte	0x2
 562 01fb 23       		.byte	0x23
 563 01fc 00       		.uleb128 0
 564 01fd 08       		.uleb128 0x8
 565 01fe D5010000 		.4byte	.LASF35
 566 0202 05       		.byte	0x5
 567 0203 6D       		.byte	0x6d
 568 0204 C4000000 		.4byte	0xc4
 569 0208 04       		.byte	0x4
 570 0209 01       		.byte	0x1
 571 020a 11       		.byte	0x11
 572 020b 02       		.byte	0x2
 573 020c 23       		.byte	0x23
 574 020d 00       		.uleb128 0
 575 020e 08       		.uleb128 0x8
 576 020f 7C000000 		.4byte	.LASF36
 577 0213 05       		.byte	0x5
 578 0214 6E       		.byte	0x6e
 579 0215 C4000000 		.4byte	0xc4
 580 0219 04       		.byte	0x4
 581 021a 01       		.byte	0x1
 582 021b 10       		.byte	0x10
 583 021c 02       		.byte	0x2
 584 021d 23       		.byte	0x23
 585 021e 00       		.uleb128 0
 586 021f 08       		.uleb128 0x8
 587 0220 67000000 		.4byte	.LASF37
 588 0224 05       		.byte	0x5
 589 0225 6F       		.byte	0x6f
 590 0226 C4000000 		.4byte	0xc4
 591 022a 04       		.byte	0x4
 592 022b 01       		.byte	0x1
 593 022c 0F       		.byte	0xf
 594 022d 02       		.byte	0x2
 595 022e 23       		.byte	0x23
 596 022f 00       		.uleb128 0
 597 0230 00       		.byte	0
 598 0231 04       		.uleb128 0x4
 599 0232 4F030000 		.4byte	.LASF38
 600 0236 05       		.byte	0x5
 601 0237 70       		.byte	0x70
 602 0238 03010000 		.4byte	0x103
 603 023c 04       		.uleb128 0x4
 604 023d 15000000 		.4byte	.LASF39
 605 0241 05       		.byte	0x5
 606 0242 C1       		.byte	0xc1
 607 0243 47020000 		.4byte	0x247
 608 0247 09       		.uleb128 0x9
 609 0248 04       		.byte	0x4
 610 0249 4D020000 		.4byte	0x24d
 611 024d 0A       		.uleb128 0xa
 612 024e 01       		.byte	0x1
 613 024f 59020000 		.4byte	0x259
 614 0253 0B       		.uleb128 0xb
 615 0254 C4000000 		.4byte	0xc4
 616 0258 00       		.byte	0
 617 0259 06       		.uleb128 0x6
ARM GAS  C:\Users\claym\AppData\Local\Temp\cc2s1ex1.s 			page 13


 618 025a 09030000 		.4byte	.LASF40
 619 025e 28       		.byte	0x28
 620 025f 05       		.byte	0x5
 621 0260 C6       		.byte	0xc6
 622 0261 F2020000 		.4byte	0x2f2
 623 0265 0C       		.uleb128 0xc
 624 0266 7E010000 		.4byte	.LASF41
 625 026a 05       		.byte	0x5
 626 026b C7       		.byte	0xc7
 627 026c F8020000 		.4byte	0x2f8
 628 0270 02       		.byte	0x2
 629 0271 23       		.byte	0x23
 630 0272 00       		.uleb128 0
 631 0273 0C       		.uleb128 0xc
 632 0274 5C000000 		.4byte	.LASF42
 633 0278 05       		.byte	0x5
 634 0279 C8       		.byte	0xc8
 635 027a 0E030000 		.4byte	0x30e
 636 027e 02       		.byte	0x2
 637 027f 23       		.byte	0x23
 638 0280 04       		.uleb128 0x4
 639 0281 0C       		.uleb128 0xc
 640 0282 E7000000 		.4byte	.LASF43
 641 0286 05       		.byte	0x5
 642 0287 C9       		.byte	0xc9
 643 0288 1A030000 		.4byte	0x31a
 644 028c 02       		.byte	0x2
 645 028d 23       		.byte	0x23
 646 028e 08       		.uleb128 0x8
 647 028f 0C       		.uleb128 0xc
 648 0290 A7010000 		.4byte	.LASF44
 649 0294 05       		.byte	0x5
 650 0295 CA       		.byte	0xca
 651 0296 4C030000 		.4byte	0x34c
 652 029a 02       		.byte	0x2
 653 029b 23       		.byte	0x23
 654 029c 0C       		.uleb128 0xc
 655 029d 0C       		.uleb128 0xc
 656 029e E9020000 		.4byte	.LASF45
 657 02a2 05       		.byte	0x5
 658 02a3 CB       		.byte	0xcb
 659 02a4 77030000 		.4byte	0x377
 660 02a8 02       		.byte	0x2
 661 02a9 23       		.byte	0x23
 662 02aa 10       		.uleb128 0x10
 663 02ab 0C       		.uleb128 0xc
 664 02ac 99010000 		.4byte	.LASF46
 665 02b0 05       		.byte	0x5
 666 02b1 CC       		.byte	0xcc
 667 02b2 92030000 		.4byte	0x392
 668 02b6 02       		.byte	0x2
 669 02b7 23       		.byte	0x23
 670 02b8 14       		.uleb128 0x14
 671 02b9 0C       		.uleb128 0xc
 672 02ba A5030000 		.4byte	.LASF47
 673 02be 05       		.byte	0x5
 674 02bf CD       		.byte	0xcd
ARM GAS  C:\Users\claym\AppData\Local\Temp\cc2s1ex1.s 			page 14


 675 02c0 AD030000 		.4byte	0x3ad
 676 02c4 02       		.byte	0x2
 677 02c5 23       		.byte	0x23
 678 02c6 18       		.uleb128 0x18
 679 02c7 0C       		.uleb128 0xc
 680 02c8 81000000 		.4byte	.LASF48
 681 02cc 05       		.byte	0x5
 682 02cd CE       		.byte	0xce
 683 02ce 1A030000 		.4byte	0x31a
 684 02d2 02       		.byte	0x2
 685 02d3 23       		.byte	0x23
 686 02d4 1C       		.uleb128 0x1c
 687 02d5 0C       		.uleb128 0xc
 688 02d6 54000000 		.4byte	.LASF49
 689 02da 05       		.byte	0x5
 690 02db CF       		.byte	0xcf
 691 02dc C8030000 		.4byte	0x3c8
 692 02e0 02       		.byte	0x2
 693 02e1 23       		.byte	0x23
 694 02e2 20       		.uleb128 0x20
 695 02e3 0C       		.uleb128 0xc
 696 02e4 02010000 		.4byte	.LASF50
 697 02e8 05       		.byte	0x5
 698 02e9 D0       		.byte	0xd0
 699 02ea D4030000 		.4byte	0x3d4
 700 02ee 02       		.byte	0x2
 701 02ef 23       		.byte	0x23
 702 02f0 24       		.uleb128 0x24
 703 02f1 00       		.byte	0
 704 02f2 0D       		.uleb128 0xd
 705 02f3 01       		.byte	0x1
 706 02f4 F8000000 		.4byte	0xf8
 707 02f8 09       		.uleb128 0x9
 708 02f9 04       		.byte	0x4
 709 02fa F2020000 		.4byte	0x2f2
 710 02fe 0E       		.uleb128 0xe
 711 02ff 01       		.byte	0x1
 712 0300 B9000000 		.4byte	0xb9
 713 0304 0E030000 		.4byte	0x30e
 714 0308 0B       		.uleb128 0xb
 715 0309 3C020000 		.4byte	0x23c
 716 030d 00       		.byte	0
 717 030e 09       		.uleb128 0x9
 718 030f 04       		.byte	0x4
 719 0310 FE020000 		.4byte	0x2fe
 720 0314 0D       		.uleb128 0xd
 721 0315 01       		.byte	0x1
 722 0316 B9000000 		.4byte	0xb9
 723 031a 09       		.uleb128 0x9
 724 031b 04       		.byte	0x4
 725 031c 14030000 		.4byte	0x314
 726 0320 0E       		.uleb128 0xe
 727 0321 01       		.byte	0x1
 728 0322 B9000000 		.4byte	0xb9
 729 0326 3F030000 		.4byte	0x33f
 730 032a 0B       		.uleb128 0xb
 731 032b C4000000 		.4byte	0xc4
ARM GAS  C:\Users\claym\AppData\Local\Temp\cc2s1ex1.s 			page 15


 732 032f 0B       		.uleb128 0xb
 733 0330 3F030000 		.4byte	0x33f
 734 0334 0B       		.uleb128 0xb
 735 0335 C4000000 		.4byte	0xc4
 736 0339 0B       		.uleb128 0xb
 737 033a 45030000 		.4byte	0x345
 738 033e 00       		.byte	0
 739 033f 09       		.uleb128 0x9
 740 0340 04       		.byte	0x4
 741 0341 A9000000 		.4byte	0xa9
 742 0345 03       		.uleb128 0x3
 743 0346 01       		.byte	0x1
 744 0347 02       		.byte	0x2
 745 0348 DC020000 		.4byte	.LASF51
 746 034c 09       		.uleb128 0x9
 747 034d 04       		.byte	0x4
 748 034e 20030000 		.4byte	0x320
 749 0352 0E       		.uleb128 0xe
 750 0353 01       		.byte	0x1
 751 0354 B9000000 		.4byte	0xb9
 752 0358 71030000 		.4byte	0x371
 753 035c 0B       		.uleb128 0xb
 754 035d C4000000 		.4byte	0xc4
 755 0361 0B       		.uleb128 0xb
 756 0362 71030000 		.4byte	0x371
 757 0366 0B       		.uleb128 0xb
 758 0367 C4000000 		.4byte	0xc4
 759 036b 0B       		.uleb128 0xb
 760 036c 45030000 		.4byte	0x345
 761 0370 00       		.byte	0
 762 0371 09       		.uleb128 0x9
 763 0372 04       		.byte	0x4
 764 0373 9E000000 		.4byte	0x9e
 765 0377 09       		.uleb128 0x9
 766 0378 04       		.byte	0x4
 767 0379 52030000 		.4byte	0x352
 768 037d 0E       		.uleb128 0xe
 769 037e 01       		.byte	0x1
 770 037f B9000000 		.4byte	0xb9
 771 0383 92030000 		.4byte	0x392
 772 0387 0B       		.uleb128 0xb
 773 0388 3F030000 		.4byte	0x33f
 774 038c 0B       		.uleb128 0xb
 775 038d C4000000 		.4byte	0xc4
 776 0391 00       		.byte	0
 777 0392 09       		.uleb128 0x9
 778 0393 04       		.byte	0x4
 779 0394 7D030000 		.4byte	0x37d
 780 0398 0E       		.uleb128 0xe
 781 0399 01       		.byte	0x1
 782 039a B9000000 		.4byte	0xb9
 783 039e AD030000 		.4byte	0x3ad
 784 03a2 0B       		.uleb128 0xb
 785 03a3 71030000 		.4byte	0x371
 786 03a7 0B       		.uleb128 0xb
 787 03a8 C4000000 		.4byte	0xc4
 788 03ac 00       		.byte	0
ARM GAS  C:\Users\claym\AppData\Local\Temp\cc2s1ex1.s 			page 16


 789 03ad 09       		.uleb128 0x9
 790 03ae 04       		.byte	0x4
 791 03af 98030000 		.4byte	0x398
 792 03b3 0E       		.uleb128 0xe
 793 03b4 01       		.byte	0x1
 794 03b5 B9000000 		.4byte	0xb9
 795 03b9 C8030000 		.4byte	0x3c8
 796 03bd 0B       		.uleb128 0xb
 797 03be C4000000 		.4byte	0xc4
 798 03c2 0B       		.uleb128 0xb
 799 03c3 C4000000 		.4byte	0xc4
 800 03c7 00       		.byte	0
 801 03c8 09       		.uleb128 0x9
 802 03c9 04       		.byte	0x4
 803 03ca B3030000 		.4byte	0x3b3
 804 03ce 0D       		.uleb128 0xd
 805 03cf 01       		.byte	0x1
 806 03d0 31020000 		.4byte	0x231
 807 03d4 09       		.uleb128 0x9
 808 03d5 04       		.byte	0x4
 809 03d6 CE030000 		.4byte	0x3ce
 810 03da 04       		.uleb128 0x4
 811 03db BB000000 		.4byte	.LASF52
 812 03df 05       		.byte	0x5
 813 03e0 D1       		.byte	0xd1
 814 03e1 59020000 		.4byte	0x259
 815 03e5 0F       		.uleb128 0xf
 816 03e6 A2000000 		.4byte	.LASF53
 817 03ea 05       		.byte	0x5
 818 03eb D3       		.byte	0xd3
 819 03ec DA030000 		.4byte	0x3da
 820 03f0 01       		.byte	0x1
 821 03f1 01       		.byte	0x1
 822 03f2 0F       		.uleb128 0xf
 823 03f3 DB000000 		.4byte	.LASF54
 824 03f7 05       		.byte	0x5
 825 03f8 D4       		.byte	0xd4
 826 03f9 DA030000 		.4byte	0x3da
 827 03fd 01       		.byte	0x1
 828 03fe 01       		.byte	0x1
 829 03ff 10       		.uleb128 0x10
 830 0400 01       		.byte	0x1
 831 0401 78030000 		.4byte	.LASF58
 832 0405 01       		.byte	0x1
 833 0406 32       		.byte	0x32
 834 0407 01       		.byte	0x1
 835 0408 B9000000 		.4byte	0xb9
 836 040c 50000000 		.4byte	.LFB2
 837 0410 84000000 		.4byte	.LFE2
 838 0414 00000000 		.4byte	.LLST2
 839 0418 01       		.byte	0x1
 840 0419 9A040000 		.4byte	0x49a
 841 041d 11       		.uleb128 0x11
 842 041e CB020000 		.4byte	.LASF64
 843 0422 01       		.byte	0x1
 844 0423 32       		.byte	0x32
 845 0424 71030000 		.4byte	0x371
ARM GAS  C:\Users\claym\AppData\Local\Temp\cc2s1ex1.s 			page 17


 846 0428 20000000 		.4byte	.LLST3
 847 042c 12       		.uleb128 0x12
 848 042d 2B000000 		.4byte	.LASF55
 849 0431 01       		.byte	0x1
 850 0432 34       		.byte	0x34
 851 0433 B9000000 		.4byte	0xb9
 852 0437 4C000000 		.4byte	.LLST4
 853 043b 13       		.uleb128 0x13
 854 043c 47030000 		.4byte	.LASF56
 855 0440 01       		.byte	0x1
 856 0441 35       		.byte	0x35
 857 0442 9A040000 		.4byte	0x49a
 858 0446 02       		.byte	0x2
 859 0447 91       		.byte	0x91
 860 0448 6C       		.sleb128 -20
 861 0449 13       		.uleb128 0x13
 862 044a 74010000 		.4byte	.LASF57
 863 044e 01       		.byte	0x1
 864 044f 35       		.byte	0x35
 865 0450 9E000000 		.4byte	0x9e
 866 0454 02       		.byte	0x2
 867 0455 91       		.byte	0x91
 868 0456 6B       		.sleb128 -21
 869 0457 14       		.uleb128 0x14
 870 0458 0C010000 		.4byte	.LASF60
 871 045c 01       		.byte	0x1
 872 045d 36       		.byte	0x36
 873 045e AA040000 		.4byte	0x4aa
 874 0462 15       		.uleb128 0x15
 875 0463 66000000 		.4byte	.LVL11
 876 0467 02       		.byte	0x2
 877 0468 74       		.byte	0x74
 878 0469 00       		.sleb128 0
 879 046a 85040000 		.4byte	0x485
 880 046e 16       		.uleb128 0x16
 881 046f 01       		.byte	0x1
 882 0470 50       		.byte	0x50
 883 0471 02       		.byte	0x2
 884 0472 08       		.byte	0x8
 885 0473 48       		.byte	0x48
 886 0474 16       		.uleb128 0x16
 887 0475 01       		.byte	0x1
 888 0476 51       		.byte	0x51
 889 0477 02       		.byte	0x2
 890 0478 7D       		.byte	0x7d
 891 0479 03       		.sleb128 3
 892 047a 16       		.uleb128 0x16
 893 047b 01       		.byte	0x1
 894 047c 52       		.byte	0x52
 895 047d 01       		.byte	0x1
 896 047e 31       		.byte	0x31
 897 047f 16       		.uleb128 0x16
 898 0480 01       		.byte	0x1
 899 0481 53       		.byte	0x53
 900 0482 01       		.byte	0x1
 901 0483 30       		.byte	0x30
 902 0484 00       		.byte	0
ARM GAS  C:\Users\claym\AppData\Local\Temp\cc2s1ex1.s 			page 18


 903 0485 17       		.uleb128 0x17
 904 0486 78000000 		.4byte	.LVL13
 905 048a 02       		.byte	0x2
 906 048b 75       		.byte	0x75
 907 048c 00       		.sleb128 0
 908 048d 16       		.uleb128 0x16
 909 048e 01       		.byte	0x1
 910 048f 51       		.byte	0x51
 911 0490 02       		.byte	0x2
 912 0491 74       		.byte	0x74
 913 0492 00       		.sleb128 0
 914 0493 16       		.uleb128 0x16
 915 0494 01       		.byte	0x1
 916 0495 52       		.byte	0x52
 917 0496 01       		.byte	0x1
 918 0497 32       		.byte	0x32
 919 0498 00       		.byte	0
 920 0499 00       		.byte	0
 921 049a 18       		.uleb128 0x18
 922 049b 9E000000 		.4byte	0x9e
 923 049f AA040000 		.4byte	0x4aa
 924 04a3 19       		.uleb128 0x19
 925 04a4 2C000000 		.4byte	0x2c
 926 04a8 01       		.byte	0x1
 927 04a9 00       		.byte	0
 928 04aa 09       		.uleb128 0x9
 929 04ab 04       		.byte	0x4
 930 04ac DA030000 		.4byte	0x3da
 931 04b0 1A       		.uleb128 0x1a
 932 04b1 01       		.byte	0x1
 933 04b2 3D000000 		.4byte	.LASF59
 934 04b6 01       		.byte	0x1
 935 04b7 28       		.byte	0x28
 936 04b8 01       		.byte	0x1
 937 04b9 B9000000 		.4byte	0xb9
 938 04bd 40000000 		.4byte	.LFB1
 939 04c1 50000000 		.4byte	.LFE1
 940 04c5 81000000 		.4byte	.LLST1
 941 04c9 01       		.byte	0x1
 942 04ca E6040000 		.4byte	0x4e6
 943 04ce 1B       		.uleb128 0x1b
 944 04cf 2B000000 		.4byte	.LASF55
 945 04d3 01       		.byte	0x1
 946 04d4 2A       		.byte	0x2a
 947 04d5 B9000000 		.4byte	0xb9
 948 04d9 00       		.byte	0
 949 04da 14       		.uleb128 0x14
 950 04db 0C010000 		.4byte	.LASF60
 951 04df 01       		.byte	0x1
 952 04e0 2B       		.byte	0x2b
 953 04e1 AA040000 		.4byte	0x4aa
 954 04e5 00       		.byte	0
 955 04e6 1C       		.uleb128 0x1c
 956 04e7 01       		.byte	0x1
 957 04e8 00000000 		.4byte	.LASF65
 958 04ec 01       		.byte	0x1
 959 04ed 19       		.byte	0x19
ARM GAS  C:\Users\claym\AppData\Local\Temp\cc2s1ex1.s 			page 19


 960 04ee 01       		.byte	0x1
 961 04ef B9000000 		.4byte	0xb9
 962 04f3 00000000 		.4byte	.LFB0
 963 04f7 40000000 		.4byte	.LFE0
 964 04fb A1000000 		.4byte	.LLST0
 965 04ff 01       		.byte	0x1
 966 0500 1B       		.uleb128 0x1b
 967 0501 2B000000 		.4byte	.LASF55
 968 0505 01       		.byte	0x1
 969 0506 1B       		.byte	0x1b
 970 0507 B9000000 		.4byte	0xb9
 971 050b 00       		.byte	0
 972 050c 14       		.uleb128 0x14
 973 050d 0C010000 		.4byte	.LASF60
 974 0511 01       		.byte	0x1
 975 0512 1C       		.byte	0x1c
 976 0513 AA040000 		.4byte	0x4aa
 977 0517 1D       		.uleb128 0x1d
 978 0518 0A000000 		.4byte	.LVL1
 979 051c 26050000 		.4byte	0x526
 980 0520 16       		.uleb128 0x16
 981 0521 01       		.byte	0x1
 982 0522 50       		.byte	0x50
 983 0523 01       		.byte	0x1
 984 0524 30       		.byte	0x30
 985 0525 00       		.byte	0
 986 0526 1D       		.uleb128 0x1d
 987 0527 12000000 		.4byte	.LVL2
 988 052b 3A050000 		.4byte	0x53a
 989 052f 16       		.uleb128 0x16
 990 0530 01       		.byte	0x1
 991 0531 50       		.byte	0x50
 992 0532 01       		.byte	0x1
 993 0533 31       		.byte	0x31
 994 0534 16       		.uleb128 0x16
 995 0535 01       		.byte	0x1
 996 0536 51       		.byte	0x51
 997 0537 01       		.byte	0x1
 998 0538 31       		.byte	0x31
 999 0539 00       		.byte	0
 1000 053a 1D       		.uleb128 0x1d
 1001 053b 1A000000 		.4byte	.LVL3
 1002 053f 52050000 		.4byte	0x552
 1003 0543 16       		.uleb128 0x16
 1004 0544 01       		.byte	0x1
 1005 0545 50       		.byte	0x50
 1006 0546 01       		.byte	0x1
 1007 0547 32       		.byte	0x32
 1008 0548 16       		.uleb128 0x16
 1009 0549 01       		.byte	0x1
 1010 054a 51       		.byte	0x51
 1011 054b 05       		.byte	0x5
 1012 054c 0C       		.byte	0xc
 1013 054d A0860100 		.4byte	0x186a0
 1014 0551 00       		.byte	0
 1015 0552 1D       		.uleb128 0x1d
 1016 0553 22000000 		.4byte	.LVL4
ARM GAS  C:\Users\claym\AppData\Local\Temp\cc2s1ex1.s 			page 20


 1017 0557 66050000 		.4byte	0x566
 1018 055b 16       		.uleb128 0x16
 1019 055c 01       		.byte	0x1
 1020 055d 50       		.byte	0x50
 1021 055e 01       		.byte	0x1
 1022 055f 33       		.byte	0x33
 1023 0560 16       		.uleb128 0x16
 1024 0561 01       		.byte	0x1
 1025 0562 51       		.byte	0x51
 1026 0563 01       		.byte	0x1
 1027 0564 31       		.byte	0x31
 1028 0565 00       		.byte	0
 1029 0566 1D       		.uleb128 0x1d
 1030 0567 2A000000 		.4byte	.LVL5
 1031 056b 7A050000 		.4byte	0x57a
 1032 056f 16       		.uleb128 0x16
 1033 0570 01       		.byte	0x1
 1034 0571 50       		.byte	0x50
 1035 0572 01       		.byte	0x1
 1036 0573 35       		.byte	0x35
 1037 0574 16       		.uleb128 0x16
 1038 0575 01       		.byte	0x1
 1039 0576 51       		.byte	0x51
 1040 0577 01       		.byte	0x1
 1041 0578 30       		.byte	0x30
 1042 0579 00       		.byte	0
 1043 057a 1E       		.uleb128 0x1e
 1044 057b 32000000 		.4byte	.LVL6
 1045 057f 16       		.uleb128 0x16
 1046 0580 01       		.byte	0x1
 1047 0581 50       		.byte	0x50
 1048 0582 01       		.byte	0x1
 1049 0583 34       		.byte	0x34
 1050 0584 16       		.uleb128 0x16
 1051 0585 01       		.byte	0x1
 1052 0586 51       		.byte	0x51
 1053 0587 02       		.byte	0x2
 1054 0588 08       		.byte	0x8
 1055 0589 48       		.byte	0x48
 1056 058a 00       		.byte	0
 1057 058b 00       		.byte	0
 1058 058c 00       		.byte	0
 1059              		.section	.debug_abbrev,"",%progbits
 1060              	.Ldebug_abbrev0:
 1061 0000 01       		.uleb128 0x1
 1062 0001 11       		.uleb128 0x11
 1063 0002 01       		.byte	0x1
 1064 0003 25       		.uleb128 0x25
 1065 0004 0E       		.uleb128 0xe
 1066 0005 13       		.uleb128 0x13
 1067 0006 0B       		.uleb128 0xb
 1068 0007 03       		.uleb128 0x3
 1069 0008 0E       		.uleb128 0xe
 1070 0009 1B       		.uleb128 0x1b
 1071 000a 0E       		.uleb128 0xe
 1072 000b 11       		.uleb128 0x11
 1073 000c 01       		.uleb128 0x1
ARM GAS  C:\Users\claym\AppData\Local\Temp\cc2s1ex1.s 			page 21


 1074 000d 12       		.uleb128 0x12
 1075 000e 01       		.uleb128 0x1
 1076 000f 10       		.uleb128 0x10
 1077 0010 06       		.uleb128 0x6
 1078 0011 00       		.byte	0
 1079 0012 00       		.byte	0
 1080 0013 02       		.uleb128 0x2
 1081 0014 24       		.uleb128 0x24
 1082 0015 00       		.byte	0
 1083 0016 0B       		.uleb128 0xb
 1084 0017 0B       		.uleb128 0xb
 1085 0018 3E       		.uleb128 0x3e
 1086 0019 0B       		.uleb128 0xb
 1087 001a 03       		.uleb128 0x3
 1088 001b 08       		.uleb128 0x8
 1089 001c 00       		.byte	0
 1090 001d 00       		.byte	0
 1091 001e 03       		.uleb128 0x3
 1092 001f 24       		.uleb128 0x24
 1093 0020 00       		.byte	0
 1094 0021 0B       		.uleb128 0xb
 1095 0022 0B       		.uleb128 0xb
 1096 0023 3E       		.uleb128 0x3e
 1097 0024 0B       		.uleb128 0xb
 1098 0025 03       		.uleb128 0x3
 1099 0026 0E       		.uleb128 0xe
 1100 0027 00       		.byte	0
 1101 0028 00       		.byte	0
 1102 0029 04       		.uleb128 0x4
 1103 002a 16       		.uleb128 0x16
 1104 002b 00       		.byte	0
 1105 002c 03       		.uleb128 0x3
 1106 002d 0E       		.uleb128 0xe
 1107 002e 3A       		.uleb128 0x3a
 1108 002f 0B       		.uleb128 0xb
 1109 0030 3B       		.uleb128 0x3b
 1110 0031 0B       		.uleb128 0xb
 1111 0032 49       		.uleb128 0x49
 1112 0033 13       		.uleb128 0x13
 1113 0034 00       		.byte	0
 1114 0035 00       		.byte	0
 1115 0036 05       		.uleb128 0x5
 1116 0037 26       		.uleb128 0x26
 1117 0038 00       		.byte	0
 1118 0039 49       		.uleb128 0x49
 1119 003a 13       		.uleb128 0x13
 1120 003b 00       		.byte	0
 1121 003c 00       		.byte	0
 1122 003d 06       		.uleb128 0x6
 1123 003e 13       		.uleb128 0x13
 1124 003f 01       		.byte	0x1
 1125 0040 03       		.uleb128 0x3
 1126 0041 0E       		.uleb128 0xe
 1127 0042 0B       		.uleb128 0xb
 1128 0043 0B       		.uleb128 0xb
 1129 0044 3A       		.uleb128 0x3a
 1130 0045 0B       		.uleb128 0xb
ARM GAS  C:\Users\claym\AppData\Local\Temp\cc2s1ex1.s 			page 22


 1131 0046 3B       		.uleb128 0x3b
 1132 0047 0B       		.uleb128 0xb
 1133 0048 01       		.uleb128 0x1
 1134 0049 13       		.uleb128 0x13
 1135 004a 00       		.byte	0
 1136 004b 00       		.byte	0
 1137 004c 07       		.uleb128 0x7
 1138 004d 0D       		.uleb128 0xd
 1139 004e 00       		.byte	0
 1140 004f 03       		.uleb128 0x3
 1141 0050 08       		.uleb128 0x8
 1142 0051 3A       		.uleb128 0x3a
 1143 0052 0B       		.uleb128 0xb
 1144 0053 3B       		.uleb128 0x3b
 1145 0054 0B       		.uleb128 0xb
 1146 0055 49       		.uleb128 0x49
 1147 0056 13       		.uleb128 0x13
 1148 0057 38       		.uleb128 0x38
 1149 0058 0A       		.uleb128 0xa
 1150 0059 00       		.byte	0
 1151 005a 00       		.byte	0
 1152 005b 08       		.uleb128 0x8
 1153 005c 0D       		.uleb128 0xd
 1154 005d 00       		.byte	0
 1155 005e 03       		.uleb128 0x3
 1156 005f 0E       		.uleb128 0xe
 1157 0060 3A       		.uleb128 0x3a
 1158 0061 0B       		.uleb128 0xb
 1159 0062 3B       		.uleb128 0x3b
 1160 0063 0B       		.uleb128 0xb
 1161 0064 49       		.uleb128 0x49
 1162 0065 13       		.uleb128 0x13
 1163 0066 0B       		.uleb128 0xb
 1164 0067 0B       		.uleb128 0xb
 1165 0068 0D       		.uleb128 0xd
 1166 0069 0B       		.uleb128 0xb
 1167 006a 0C       		.uleb128 0xc
 1168 006b 0B       		.uleb128 0xb
 1169 006c 38       		.uleb128 0x38
 1170 006d 0A       		.uleb128 0xa
 1171 006e 00       		.byte	0
 1172 006f 00       		.byte	0
 1173 0070 09       		.uleb128 0x9
 1174 0071 0F       		.uleb128 0xf
 1175 0072 00       		.byte	0
 1176 0073 0B       		.uleb128 0xb
 1177 0074 0B       		.uleb128 0xb
 1178 0075 49       		.uleb128 0x49
 1179 0076 13       		.uleb128 0x13
 1180 0077 00       		.byte	0
 1181 0078 00       		.byte	0
 1182 0079 0A       		.uleb128 0xa
 1183 007a 15       		.uleb128 0x15
 1184 007b 01       		.byte	0x1
 1185 007c 27       		.uleb128 0x27
 1186 007d 0C       		.uleb128 0xc
 1187 007e 01       		.uleb128 0x1
ARM GAS  C:\Users\claym\AppData\Local\Temp\cc2s1ex1.s 			page 23


 1188 007f 13       		.uleb128 0x13
 1189 0080 00       		.byte	0
 1190 0081 00       		.byte	0
 1191 0082 0B       		.uleb128 0xb
 1192 0083 05       		.uleb128 0x5
 1193 0084 00       		.byte	0
 1194 0085 49       		.uleb128 0x49
 1195 0086 13       		.uleb128 0x13
 1196 0087 00       		.byte	0
 1197 0088 00       		.byte	0
 1198 0089 0C       		.uleb128 0xc
 1199 008a 0D       		.uleb128 0xd
 1200 008b 00       		.byte	0
 1201 008c 03       		.uleb128 0x3
 1202 008d 0E       		.uleb128 0xe
 1203 008e 3A       		.uleb128 0x3a
 1204 008f 0B       		.uleb128 0xb
 1205 0090 3B       		.uleb128 0x3b
 1206 0091 0B       		.uleb128 0xb
 1207 0092 49       		.uleb128 0x49
 1208 0093 13       		.uleb128 0x13
 1209 0094 38       		.uleb128 0x38
 1210 0095 0A       		.uleb128 0xa
 1211 0096 00       		.byte	0
 1212 0097 00       		.byte	0
 1213 0098 0D       		.uleb128 0xd
 1214 0099 15       		.uleb128 0x15
 1215 009a 00       		.byte	0
 1216 009b 27       		.uleb128 0x27
 1217 009c 0C       		.uleb128 0xc
 1218 009d 49       		.uleb128 0x49
 1219 009e 13       		.uleb128 0x13
 1220 009f 00       		.byte	0
 1221 00a0 00       		.byte	0
 1222 00a1 0E       		.uleb128 0xe
 1223 00a2 15       		.uleb128 0x15
 1224 00a3 01       		.byte	0x1
 1225 00a4 27       		.uleb128 0x27
 1226 00a5 0C       		.uleb128 0xc
 1227 00a6 49       		.uleb128 0x49
 1228 00a7 13       		.uleb128 0x13
 1229 00a8 01       		.uleb128 0x1
 1230 00a9 13       		.uleb128 0x13
 1231 00aa 00       		.byte	0
 1232 00ab 00       		.byte	0
 1233 00ac 0F       		.uleb128 0xf
 1234 00ad 34       		.uleb128 0x34
 1235 00ae 00       		.byte	0
 1236 00af 03       		.uleb128 0x3
 1237 00b0 0E       		.uleb128 0xe
 1238 00b1 3A       		.uleb128 0x3a
 1239 00b2 0B       		.uleb128 0xb
 1240 00b3 3B       		.uleb128 0x3b
 1241 00b4 0B       		.uleb128 0xb
 1242 00b5 49       		.uleb128 0x49
 1243 00b6 13       		.uleb128 0x13
 1244 00b7 3F       		.uleb128 0x3f
ARM GAS  C:\Users\claym\AppData\Local\Temp\cc2s1ex1.s 			page 24


 1245 00b8 0C       		.uleb128 0xc
 1246 00b9 3C       		.uleb128 0x3c
 1247 00ba 0C       		.uleb128 0xc
 1248 00bb 00       		.byte	0
 1249 00bc 00       		.byte	0
 1250 00bd 10       		.uleb128 0x10
 1251 00be 2E       		.uleb128 0x2e
 1252 00bf 01       		.byte	0x1
 1253 00c0 3F       		.uleb128 0x3f
 1254 00c1 0C       		.uleb128 0xc
 1255 00c2 03       		.uleb128 0x3
 1256 00c3 0E       		.uleb128 0xe
 1257 00c4 3A       		.uleb128 0x3a
 1258 00c5 0B       		.uleb128 0xb
 1259 00c6 3B       		.uleb128 0x3b
 1260 00c7 0B       		.uleb128 0xb
 1261 00c8 27       		.uleb128 0x27
 1262 00c9 0C       		.uleb128 0xc
 1263 00ca 49       		.uleb128 0x49
 1264 00cb 13       		.uleb128 0x13
 1265 00cc 11       		.uleb128 0x11
 1266 00cd 01       		.uleb128 0x1
 1267 00ce 12       		.uleb128 0x12
 1268 00cf 01       		.uleb128 0x1
 1269 00d0 40       		.uleb128 0x40
 1270 00d1 06       		.uleb128 0x6
 1271 00d2 9742     		.uleb128 0x2117
 1272 00d4 0C       		.uleb128 0xc
 1273 00d5 01       		.uleb128 0x1
 1274 00d6 13       		.uleb128 0x13
 1275 00d7 00       		.byte	0
 1276 00d8 00       		.byte	0
 1277 00d9 11       		.uleb128 0x11
 1278 00da 05       		.uleb128 0x5
 1279 00db 00       		.byte	0
 1280 00dc 03       		.uleb128 0x3
 1281 00dd 0E       		.uleb128 0xe
 1282 00de 3A       		.uleb128 0x3a
 1283 00df 0B       		.uleb128 0xb
 1284 00e0 3B       		.uleb128 0x3b
 1285 00e1 0B       		.uleb128 0xb
 1286 00e2 49       		.uleb128 0x49
 1287 00e3 13       		.uleb128 0x13
 1288 00e4 02       		.uleb128 0x2
 1289 00e5 06       		.uleb128 0x6
 1290 00e6 00       		.byte	0
 1291 00e7 00       		.byte	0
 1292 00e8 12       		.uleb128 0x12
 1293 00e9 34       		.uleb128 0x34
 1294 00ea 00       		.byte	0
 1295 00eb 03       		.uleb128 0x3
 1296 00ec 0E       		.uleb128 0xe
 1297 00ed 3A       		.uleb128 0x3a
 1298 00ee 0B       		.uleb128 0xb
 1299 00ef 3B       		.uleb128 0x3b
 1300 00f0 0B       		.uleb128 0xb
 1301 00f1 49       		.uleb128 0x49
ARM GAS  C:\Users\claym\AppData\Local\Temp\cc2s1ex1.s 			page 25


 1302 00f2 13       		.uleb128 0x13
 1303 00f3 02       		.uleb128 0x2
 1304 00f4 06       		.uleb128 0x6
 1305 00f5 00       		.byte	0
 1306 00f6 00       		.byte	0
 1307 00f7 13       		.uleb128 0x13
 1308 00f8 34       		.uleb128 0x34
 1309 00f9 00       		.byte	0
 1310 00fa 03       		.uleb128 0x3
 1311 00fb 0E       		.uleb128 0xe
 1312 00fc 3A       		.uleb128 0x3a
 1313 00fd 0B       		.uleb128 0xb
 1314 00fe 3B       		.uleb128 0x3b
 1315 00ff 0B       		.uleb128 0xb
 1316 0100 49       		.uleb128 0x49
 1317 0101 13       		.uleb128 0x13
 1318 0102 02       		.uleb128 0x2
 1319 0103 0A       		.uleb128 0xa
 1320 0104 00       		.byte	0
 1321 0105 00       		.byte	0
 1322 0106 14       		.uleb128 0x14
 1323 0107 34       		.uleb128 0x34
 1324 0108 00       		.byte	0
 1325 0109 03       		.uleb128 0x3
 1326 010a 0E       		.uleb128 0xe
 1327 010b 3A       		.uleb128 0x3a
 1328 010c 0B       		.uleb128 0xb
 1329 010d 3B       		.uleb128 0x3b
 1330 010e 0B       		.uleb128 0xb
 1331 010f 49       		.uleb128 0x49
 1332 0110 13       		.uleb128 0x13
 1333 0111 00       		.byte	0
 1334 0112 00       		.byte	0
 1335 0113 15       		.uleb128 0x15
 1336 0114 898201   		.uleb128 0x4109
 1337 0117 01       		.byte	0x1
 1338 0118 11       		.uleb128 0x11
 1339 0119 01       		.uleb128 0x1
 1340 011a 9342     		.uleb128 0x2113
 1341 011c 0A       		.uleb128 0xa
 1342 011d 01       		.uleb128 0x1
 1343 011e 13       		.uleb128 0x13
 1344 011f 00       		.byte	0
 1345 0120 00       		.byte	0
 1346 0121 16       		.uleb128 0x16
 1347 0122 8A8201   		.uleb128 0x410a
 1348 0125 00       		.byte	0
 1349 0126 02       		.uleb128 0x2
 1350 0127 0A       		.uleb128 0xa
 1351 0128 9142     		.uleb128 0x2111
 1352 012a 0A       		.uleb128 0xa
 1353 012b 00       		.byte	0
 1354 012c 00       		.byte	0
 1355 012d 17       		.uleb128 0x17
 1356 012e 898201   		.uleb128 0x4109
 1357 0131 01       		.byte	0x1
 1358 0132 11       		.uleb128 0x11
ARM GAS  C:\Users\claym\AppData\Local\Temp\cc2s1ex1.s 			page 26


 1359 0133 01       		.uleb128 0x1
 1360 0134 9342     		.uleb128 0x2113
 1361 0136 0A       		.uleb128 0xa
 1362 0137 00       		.byte	0
 1363 0138 00       		.byte	0
 1364 0139 18       		.uleb128 0x18
 1365 013a 01       		.uleb128 0x1
 1366 013b 01       		.byte	0x1
 1367 013c 49       		.uleb128 0x49
 1368 013d 13       		.uleb128 0x13
 1369 013e 01       		.uleb128 0x1
 1370 013f 13       		.uleb128 0x13
 1371 0140 00       		.byte	0
 1372 0141 00       		.byte	0
 1373 0142 19       		.uleb128 0x19
 1374 0143 21       		.uleb128 0x21
 1375 0144 00       		.byte	0
 1376 0145 49       		.uleb128 0x49
 1377 0146 13       		.uleb128 0x13
 1378 0147 2F       		.uleb128 0x2f
 1379 0148 0B       		.uleb128 0xb
 1380 0149 00       		.byte	0
 1381 014a 00       		.byte	0
 1382 014b 1A       		.uleb128 0x1a
 1383 014c 2E       		.uleb128 0x2e
 1384 014d 01       		.byte	0x1
 1385 014e 3F       		.uleb128 0x3f
 1386 014f 0C       		.uleb128 0xc
 1387 0150 03       		.uleb128 0x3
 1388 0151 0E       		.uleb128 0xe
 1389 0152 3A       		.uleb128 0x3a
 1390 0153 0B       		.uleb128 0xb
 1391 0154 3B       		.uleb128 0x3b
 1392 0155 0B       		.uleb128 0xb
 1393 0156 27       		.uleb128 0x27
 1394 0157 0C       		.uleb128 0xc
 1395 0158 49       		.uleb128 0x49
 1396 0159 13       		.uleb128 0x13
 1397 015a 11       		.uleb128 0x11
 1398 015b 01       		.uleb128 0x1
 1399 015c 12       		.uleb128 0x12
 1400 015d 01       		.uleb128 0x1
 1401 015e 40       		.uleb128 0x40
 1402 015f 06       		.uleb128 0x6
 1403 0160 9642     		.uleb128 0x2116
 1404 0162 0C       		.uleb128 0xc
 1405 0163 01       		.uleb128 0x1
 1406 0164 13       		.uleb128 0x13
 1407 0165 00       		.byte	0
 1408 0166 00       		.byte	0
 1409 0167 1B       		.uleb128 0x1b
 1410 0168 34       		.uleb128 0x34
 1411 0169 00       		.byte	0
 1412 016a 03       		.uleb128 0x3
 1413 016b 0E       		.uleb128 0xe
 1414 016c 3A       		.uleb128 0x3a
 1415 016d 0B       		.uleb128 0xb
ARM GAS  C:\Users\claym\AppData\Local\Temp\cc2s1ex1.s 			page 27


 1416 016e 3B       		.uleb128 0x3b
 1417 016f 0B       		.uleb128 0xb
 1418 0170 49       		.uleb128 0x49
 1419 0171 13       		.uleb128 0x13
 1420 0172 1C       		.uleb128 0x1c
 1421 0173 0B       		.uleb128 0xb
 1422 0174 00       		.byte	0
 1423 0175 00       		.byte	0
 1424 0176 1C       		.uleb128 0x1c
 1425 0177 2E       		.uleb128 0x2e
 1426 0178 01       		.byte	0x1
 1427 0179 3F       		.uleb128 0x3f
 1428 017a 0C       		.uleb128 0xc
 1429 017b 03       		.uleb128 0x3
 1430 017c 0E       		.uleb128 0xe
 1431 017d 3A       		.uleb128 0x3a
 1432 017e 0B       		.uleb128 0xb
 1433 017f 3B       		.uleb128 0x3b
 1434 0180 0B       		.uleb128 0xb
 1435 0181 27       		.uleb128 0x27
 1436 0182 0C       		.uleb128 0xc
 1437 0183 49       		.uleb128 0x49
 1438 0184 13       		.uleb128 0x13
 1439 0185 11       		.uleb128 0x11
 1440 0186 01       		.uleb128 0x1
 1441 0187 12       		.uleb128 0x12
 1442 0188 01       		.uleb128 0x1
 1443 0189 40       		.uleb128 0x40
 1444 018a 06       		.uleb128 0x6
 1445 018b 9742     		.uleb128 0x2117
 1446 018d 0C       		.uleb128 0xc
 1447 018e 00       		.byte	0
 1448 018f 00       		.byte	0
 1449 0190 1D       		.uleb128 0x1d
 1450 0191 898201   		.uleb128 0x4109
 1451 0194 01       		.byte	0x1
 1452 0195 11       		.uleb128 0x11
 1453 0196 01       		.uleb128 0x1
 1454 0197 01       		.uleb128 0x1
 1455 0198 13       		.uleb128 0x13
 1456 0199 00       		.byte	0
 1457 019a 00       		.byte	0
 1458 019b 1E       		.uleb128 0x1e
 1459 019c 898201   		.uleb128 0x4109
 1460 019f 01       		.byte	0x1
 1461 01a0 11       		.uleb128 0x11
 1462 01a1 01       		.uleb128 0x1
 1463 01a2 00       		.byte	0
 1464 01a3 00       		.byte	0
 1465 01a4 00       		.byte	0
 1466              		.section	.debug_loc,"",%progbits
 1467              	.Ldebug_loc0:
 1468              	.LLST2:
 1469 0000 50000000 		.4byte	.LFB2-.Ltext0
 1470 0004 52000000 		.4byte	.LCFI2-.Ltext0
 1471 0008 0200     		.2byte	0x2
 1472 000a 7D       		.byte	0x7d
ARM GAS  C:\Users\claym\AppData\Local\Temp\cc2s1ex1.s 			page 28


 1473 000b 00       		.sleb128 0
 1474 000c 52000000 		.4byte	.LCFI2-.Ltext0
 1475 0010 84000000 		.4byte	.LFE2-.Ltext0
 1476 0014 0200     		.2byte	0x2
 1477 0016 7D       		.byte	0x7d
 1478 0017 18       		.sleb128 24
 1479 0018 00000000 		.4byte	0
 1480 001c 00000000 		.4byte	0
 1481              	.LLST3:
 1482 0020 50000000 		.4byte	.LVL9-.Ltext0
 1483 0024 64000000 		.4byte	.LVL10-.Ltext0
 1484 0028 0100     		.2byte	0x1
 1485 002a 50       		.byte	0x50
 1486 002b 64000000 		.4byte	.LVL10-.Ltext0
 1487 002f 7C000000 		.4byte	.LVL14-.Ltext0
 1488 0033 0100     		.2byte	0x1
 1489 0035 56       		.byte	0x56
 1490 0036 7C000000 		.4byte	.LVL14-.Ltext0
 1491 003a 84000000 		.4byte	.LFE2-.Ltext0
 1492 003e 0400     		.2byte	0x4
 1493 0040 F3       		.byte	0xf3
 1494 0041 01       		.uleb128 0x1
 1495 0042 50       		.byte	0x50
 1496 0043 9F       		.byte	0x9f
 1497 0044 00000000 		.4byte	0
 1498 0048 00000000 		.4byte	0
 1499              	.LLST4:
 1500 004c 50000000 		.4byte	.LVL9-.Ltext0
 1501 0050 66000000 		.4byte	.LVL11-.Ltext0
 1502 0054 0200     		.2byte	0x2
 1503 0056 30       		.byte	0x30
 1504 0057 9F       		.byte	0x9f
 1505 0058 66000000 		.4byte	.LVL11-.Ltext0
 1506 005c 76000000 		.4byte	.LVL12-.Ltext0
 1507 0060 0100     		.2byte	0x1
 1508 0062 50       		.byte	0x50
 1509 0063 76000000 		.4byte	.LVL12-.Ltext0
 1510 0067 77000000 		.4byte	.LVL13-1-.Ltext0
 1511 006b 0100     		.2byte	0x1
 1512 006d 53       		.byte	0x53
 1513 006e 78000000 		.4byte	.LVL13-.Ltext0
 1514 0072 84000000 		.4byte	.LFE2-.Ltext0
 1515 0076 0100     		.2byte	0x1
 1516 0078 50       		.byte	0x50
 1517 0079 00000000 		.4byte	0
 1518 007d 00000000 		.4byte	0
 1519              	.LLST1:
 1520 0081 40000000 		.4byte	.LFB1-.Ltext0
 1521 0085 42000000 		.4byte	.LCFI1-.Ltext0
 1522 0089 0200     		.2byte	0x2
 1523 008b 7D       		.byte	0x7d
 1524 008c 00       		.sleb128 0
 1525 008d 42000000 		.4byte	.LCFI1-.Ltext0
 1526 0091 50000000 		.4byte	.LFE1-.Ltext0
 1527 0095 0200     		.2byte	0x2
 1528 0097 7D       		.byte	0x7d
 1529 0098 08       		.sleb128 8
ARM GAS  C:\Users\claym\AppData\Local\Temp\cc2s1ex1.s 			page 29


 1530 0099 00000000 		.4byte	0
 1531 009d 00000000 		.4byte	0
 1532              	.LLST0:
 1533 00a1 00000000 		.4byte	.LFB0-.Ltext0
 1534 00a5 02000000 		.4byte	.LCFI0-.Ltext0
 1535 00a9 0200     		.2byte	0x2
 1536 00ab 7D       		.byte	0x7d
 1537 00ac 00       		.sleb128 0
 1538 00ad 02000000 		.4byte	.LCFI0-.Ltext0
 1539 00b1 40000000 		.4byte	.LFE0-.Ltext0
 1540 00b5 0200     		.2byte	0x2
 1541 00b7 7D       		.byte	0x7d
 1542 00b8 08       		.sleb128 8
 1543 00b9 00000000 		.4byte	0
 1544 00bd 00000000 		.4byte	0
 1545              		.section	.debug_aranges,"",%progbits
 1546 0000 1C000000 		.4byte	0x1c
 1547 0004 0200     		.2byte	0x2
 1548 0006 00000000 		.4byte	.Ldebug_info0
 1549 000a 04       		.byte	0x4
 1550 000b 00       		.byte	0
 1551 000c 0000     		.2byte	0
 1552 000e 0000     		.2byte	0
 1553 0010 00000000 		.4byte	.Ltext0
 1554 0014 84000000 		.4byte	.Letext0-.Ltext0
 1555 0018 00000000 		.4byte	0
 1556 001c 00000000 		.4byte	0
 1557              		.section	.debug_line,"",%progbits
 1558              	.Ldebug_line0:
 1559 0000 5D010000 		.section	.debug_str,"MS",%progbits,1
 1559      02002D01 
 1559      00000201 
 1559      FB0E0D00 
 1559      01010101 
 1560              	.LASF65:
 1561 0000 564F525F 		.ascii	"VOR_ADT75_Initialize\000"
 1561      41445437 
 1561      355F496E 
 1561      69746961 
 1561      6C697A65 
 1562              	.LASF39:
 1563 0015 564F525F 		.ascii	"VOR_I2C_SignalEvent_t\000"
 1563      4932435F 
 1563      5369676E 
 1563      616C4576 
 1563      656E745F 
 1564              	.LASF55:
 1565 002b 72657443 		.ascii	"retCode\000"
 1565      6F646500 
 1566              	.LASF5:
 1567 0033 73686F72 		.ascii	"short int\000"
 1567      7420696E 
 1567      7400
 1568              	.LASF59:
 1569 003d 564F525F 		.ascii	"VOR_ADT75_UnInitialize\000"
 1569      41445437 
 1569      355F556E 
ARM GAS  C:\Users\claym\AppData\Local\Temp\cc2s1ex1.s 			page 30


 1569      496E6974 
 1569      69616C69 
 1570              	.LASF49:
 1571 0054 436F6E74 		.ascii	"Control\000"
 1571      726F6C00 
 1572              	.LASF42:
 1573 005c 496E6974 		.ascii	"Initialize\000"
 1573      69616C69 
 1573      7A6500
 1574              	.LASF37:
 1575 0067 64697265 		.ascii	"direction\000"
 1575      6374696F 
 1575      6E00
 1576              	.LASF11:
 1577 0071 5F5F7569 		.ascii	"__uint32_t\000"
 1577      6E743332 
 1577      5F7400
 1578              	.LASF36:
 1579 007c 6D6F6465 		.ascii	"mode\000"
 1579      00
 1580              	.LASF48:
 1581 0081 47657444 		.ascii	"GetDataCount\000"
 1581      61746143 
 1581      6F756E74 
 1581      00
 1582              	.LASF7:
 1583 008e 5F5F7569 		.ascii	"__uint16_t\000"
 1583      6E743136 
 1583      5F7400
 1584              	.LASF27:
 1585 0099 6E61636B 		.ascii	"nackData\000"
 1585      44617461 
 1585      00
 1586              	.LASF53:
 1587 00a2 44726976 		.ascii	"Driver_I2C0\000"
 1587      65725F49 
 1587      32433000 
 1588              	.LASF14:
 1589 00ae 75696E74 		.ascii	"uint8_t\000"
 1589      385F7400 
 1590              	.LASF22:
 1591 00b6 49646C65 		.ascii	"Idle\000"
 1591      00
 1592              	.LASF52:
 1593 00bb 564F525F 		.ascii	"VOR_DRIVER_I2C\000"
 1593      44524956 
 1593      45525F49 
 1593      324300
 1594              	.LASF24:
 1595 00ca 7374616C 		.ascii	"stalled\000"
 1595      6C656400 
 1596              	.LASF25:
 1597 00d2 6172625F 		.ascii	"arb_lost\000"
 1597      6C6F7374 
 1597      00
 1598              	.LASF54:
 1599 00db 44726976 		.ascii	"Driver_I2C1\000"
ARM GAS  C:\Users\claym\AppData\Local\Temp\cc2s1ex1.s 			page 31


 1599      65725F49 
 1599      32433100 
 1600              	.LASF43:
 1601 00e7 556E696E 		.ascii	"Uninitialize\000"
 1601      69746961 
 1601      6C697A65 
 1601      00
 1602              	.LASF1:
 1603 00f4 6C6F6E67 		.ascii	"long long int\000"
 1603      206C6F6E 
 1603      6720696E 
 1603      7400
 1604              	.LASF50:
 1605 0102 47657453 		.ascii	"GetStatus\000"
 1605      74617475 
 1605      7300
 1606              	.LASF60:
 1607 010c 70493243 		.ascii	"pI2C\000"
 1607      00
 1608              	.LASF62:
 1609 0111 2E5C7372 		.ascii	".\\src\\reb_adt75.c\000"
 1609      635C7265 
 1609      625F6164 
 1609      7437352E 
 1609      6300
 1610              	.LASF10:
 1611 0123 6C6F6E67 		.ascii	"long int\000"
 1611      20696E74 
 1611      00
 1612              	.LASF63:
 1613 012c 433A5C44 		.ascii	"C:\\Development\\New_Mar8\\Workspace-Vorago - REB1\\"
 1613      6576656C 
 1613      6F706D65 
 1613      6E745C4E 
 1613      65775F4D 
 1614 015c 766F7261 		.ascii	"vorago_try311\000"
 1614      676F5F74 
 1614      72793331 
 1614      3100
 1615              	.LASF6:
 1616 016a 5F5F7569 		.ascii	"__uint8_t\000"
 1616      6E74385F 
 1616      7400
 1617              	.LASF57:
 1618 0174 7265675F 		.ascii	"reg_addrs\000"
 1618      61646472 
 1618      7300
 1619              	.LASF41:
 1620 017e 47657456 		.ascii	"GetVersion\000"
 1620      65727369 
 1620      6F6E00
 1621              	.LASF20:
 1622 0189 5F564F52 		.ascii	"_VOR_I2C_STATUS\000"
 1622      5F493243 
 1622      5F535441 
 1622      54555300 
 1623              	.LASF46:
ARM GAS  C:\Users\claym\AppData\Local\Temp\cc2s1ex1.s 			page 32


 1624 0199 536C6176 		.ascii	"SlaveTransmit\000"
 1624      65547261 
 1624      6E736D69 
 1624      7400
 1625              	.LASF44:
 1626 01a7 4D617374 		.ascii	"MasterTransmit\000"
 1626      65725472 
 1626      616E736D 
 1626      697400
 1627              	.LASF2:
 1628 01b6 6C6F6E67 		.ascii	"long double\000"
 1628      20646F75 
 1628      626C6500 
 1629              	.LASF18:
 1630 01c2 564F525F 		.ascii	"VOR_DRIVER_VERSION\000"
 1630      44524956 
 1630      45525F56 
 1630      45525349 
 1630      4F4E00
 1631              	.LASF35:
 1632 01d5 72617753 		.ascii	"rawSCL\000"
 1632      434C00
 1633              	.LASF4:
 1634 01dc 756E7369 		.ascii	"unsigned char\000"
 1634      676E6564 
 1634      20636861 
 1634      7200
 1635              	.LASF61:
 1636 01ea 474E5520 		.ascii	"GNU C11 7.2.1 20170904 (release) [ARM/embedded-7-br"
 1636      43313120 
 1636      372E322E 
 1636      31203230 
 1636      31373039 
 1637 021d 616E6368 		.ascii	"anch revision 255204] -mcpu=cortex-m0 -mthumb -gdwa"
 1637      20726576 
 1637      6973696F 
 1637      6E203235 
 1637      35323034 
 1638 0250 72662D32 		.ascii	"rf-2 -Os -fomit-frame-pointer\000"
 1638      202D4F73 
 1638      202D666F 
 1638      6D69742D 
 1638      6672616D 
 1639              	.LASF3:
 1640 026e 7369676E 		.ascii	"signed char\000"
 1640      65642063 
 1640      68617200 
 1641              	.LASF13:
 1642 027a 6C6F6E67 		.ascii	"long long unsigned int\000"
 1642      206C6F6E 
 1642      6720756E 
 1642      7369676E 
 1642      65642069 
 1643              	.LASF17:
 1644 0291 75696E74 		.ascii	"uint32_t\000"
 1644      33325F74 
 1644      00
ARM GAS  C:\Users\claym\AppData\Local\Temp\cc2s1ex1.s 			page 33


 1645              	.LASF0:
 1646 029a 756E7369 		.ascii	"unsigned int\000"
 1646      676E6564 
 1646      20696E74 
 1646      00
 1647              	.LASF15:
 1648 02a7 75696E74 		.ascii	"uint16_t\000"
 1648      31365F74 
 1648      00
 1649              	.LASF31:
 1650 02b0 7478456D 		.ascii	"txEmpty\000"
 1650      70747900 
 1651              	.LASF8:
 1652 02b8 73686F72 		.ascii	"short unsigned int\000"
 1652      7420756E 
 1652      7369676E 
 1652      65642069 
 1652      6E7400
 1653              	.LASF64:
 1654 02cb 6375725F 		.ascii	"cur_temp\000"
 1654      74656D70 
 1654      00
 1655              	.LASF16:
 1656 02d4 696E7433 		.ascii	"int32_t\000"
 1656      325F7400 
 1657              	.LASF51:
 1658 02dc 5F426F6F 		.ascii	"_Bool\000"
 1658      6C00
 1659              	.LASF34:
 1660 02e2 72617753 		.ascii	"rawSDA\000"
 1660      444100
 1661              	.LASF45:
 1662 02e9 4D617374 		.ascii	"MasterReceive\000"
 1662      65725265 
 1662      63656976 
 1662      6500
 1663              	.LASF12:
 1664 02f7 6C6F6E67 		.ascii	"long unsigned int\000"
 1664      20756E73 
 1664      69676E65 
 1664      6420696E 
 1664      7400
 1665              	.LASF40:
 1666 0309 5F564F52 		.ascii	"_VOR_DRIVER_I2C\000"
 1666      5F445249 
 1666      5645525F 
 1666      49324300 
 1667              	.LASF9:
 1668 0319 5F5F696E 		.ascii	"__int32_t\000"
 1668      7433325F 
 1668      7400
 1669              	.LASF32:
 1670 0323 74784E46 		.ascii	"txNFull\000"
 1670      756C6C00 
 1671              	.LASF28:
 1672 032b 72784E45 		.ascii	"rxNEmpty\000"
 1672      6D707479 
ARM GAS  C:\Users\claym\AppData\Local\Temp\cc2s1ex1.s 			page 34


 1672      00
 1673              	.LASF30:
 1674 0334 72784669 		.ascii	"rxFifoTrg\000"
 1674      666F5472 
 1674      6700
 1675              	.LASF26:
 1676 033e 6E61636B 		.ascii	"nackAddr\000"
 1676      41646472 
 1676      00
 1677              	.LASF56:
 1678 0347 72785F64 		.ascii	"rx_data\000"
 1678      61746100 
 1679              	.LASF38:
 1680 034f 564F525F 		.ascii	"VOR_I2C_STATUS\000"
 1680      4932435F 
 1680      53544154 
 1680      555300
 1681              	.LASF23:
 1682 035e 77616974 		.ascii	"waiting\000"
 1682      696E6700 
 1683              	.LASF21:
 1684 0366 69326349 		.ascii	"i2cIdle\000"
 1684      646C6500 
 1685              	.LASF33:
 1686 036e 74784669 		.ascii	"txFifoTrg\000"
 1686      666F5472 
 1686      6700
 1687              	.LASF58:
 1688 0378 564F525F 		.ascii	"VOR_ADT75_GetTemp\000"
 1688      41445437 
 1688      355F4765 
 1688      7454656D 
 1688      7000
 1689              	.LASF19:
 1690 038a 5F564F52 		.ascii	"_VOR_DRIVER_VERSION\000"
 1690      5F445249 
 1690      5645525F 
 1690      56455253 
 1690      494F4E00 
 1691              	.LASF29:
 1692 039e 72784675 		.ascii	"rxFull\000"
 1692      6C6C00
 1693              	.LASF47:
 1694 03a5 536C6176 		.ascii	"SlaveReceive\000"
 1694      65526563 
 1694      65697665 
 1694      00
 1695              		.ident	"GCC: (GNU Tools for Arm Embedded Processors 7-2017-q4-major) 7.2.1 20170904 (release) [ARM
ARM GAS  C:\Users\claym\AppData\Local\Temp\cc2s1ex1.s 			page 35


DEFINED SYMBOLS
                            *ABS*:00000000 reb_adt75.c
C:\Users\claym\AppData\Local\Temp\cc2s1ex1.s:72     .text:00000000 $t
C:\Users\claym\AppData\Local\Temp\cc2s1ex1.s:79     .text:00000000 VOR_ADT75_Initialize
C:\Users\claym\AppData\Local\Temp\cc2s1ex1.s:142    .text:00000038 $d
C:\Users\claym\AppData\Local\Temp\cc2s1ex1.s:147    .text:00000040 $t
C:\Users\claym\AppData\Local\Temp\cc2s1ex1.s:154    .text:00000040 VOR_ADT75_UnInitialize
C:\Users\claym\AppData\Local\Temp\cc2s1ex1.s:184    .text:0000004c $d
C:\Users\claym\AppData\Local\Temp\cc2s1ex1.s:188    .text:00000050 $t
C:\Users\claym\AppData\Local\Temp\cc2s1ex1.s:195    .text:00000050 VOR_ADT75_GetTemp
C:\Users\claym\AppData\Local\Temp\cc2s1ex1.s:267    .text:00000080 $d

UNDEFINED SYMBOLS
Driver_I2C0
